2009-08-17 18:05:39,759 INFO Start the vyperlogix.django.cherryPy.djangocerise server on 127.0.0.1:8888 logging to Z:\python projects\_django-projects\@projects\amfsample\django\djangocerise_1_2\logs\webserver_2009-08-17_180538_127_0_0_1_8888.log
2009-08-17 18:19:49,186 DEBUG AMFMiddleware was initialized.
2009-08-17 18:19:52,903 DEBUG AMF Type='10'
2009-08-17 18:19:53,013 DEBUG read_data()
2009-08-17 18:19:53,013 DEBUG AMF3 Type='10'
2009-08-17 18:19:53,015 DEBUG amf3.read_integer()
2009-08-17 18:19:53,015 DEBUG amf3.read_integer() -- result='147'
2009-08-17 18:19:53,016 DEBUG amf3.read_string()
2009-08-17 18:19:53,049 DEBUG amf3.read_integer()
2009-08-17 18:19:53,049 DEBUG amf3.read_integer() -- result='77'
2009-08-17 18:19:53,051 DEBUG add_string_reference('flex.messaging.messages.CommandMessage') -- index='0'
2009-08-17 18:19:53,051 DEBUG amf3.read_string() -- result='flex.messaging.messages.CommandMessage'
2009-08-17 18:19:53,052 DEBUG amf3.read_string()
2009-08-17 18:19:53,052 DEBUG amf3.read_integer()
2009-08-17 18:19:53,052 DEBUG amf3.read_integer() -- result='19'
2009-08-17 18:19:53,053 DEBUG add_string_reference('operation') -- index='1'
2009-08-17 18:19:53,053 DEBUG amf3.read_string() -- result='operation'
2009-08-17 18:19:53,055 DEBUG amf3.read_string()
2009-08-17 18:19:53,055 DEBUG amf3.read_integer()
2009-08-17 18:19:53,055 DEBUG amf3.read_integer() -- result='27'
2009-08-17 18:19:53,055 DEBUG add_string_reference('correlationId') -- index='2'
2009-08-17 18:19:53,056 DEBUG amf3.read_string() -- result='correlationId'
2009-08-17 18:19:53,056 DEBUG amf3.read_string()
2009-08-17 18:19:53,058 DEBUG amf3.read_integer()
2009-08-17 18:19:53,058 DEBUG amf3.read_integer() -- result='19'
2009-08-17 18:19:53,058 DEBUG add_string_reference('messageId') -- index='3'
2009-08-17 18:19:53,059 DEBUG amf3.read_string() -- result='messageId'
2009-08-17 18:19:53,059 DEBUG amf3.read_string()
2009-08-17 18:19:53,059 DEBUG amf3.read_integer()
2009-08-17 18:19:53,059 DEBUG amf3.read_integer() -- result='9'
2009-08-17 18:19:53,061 DEBUG add_string_reference('body') -- index='4'
2009-08-17 18:19:53,061 DEBUG amf3.read_string() -- result='body'
2009-08-17 18:19:53,062 DEBUG amf3.read_string()
2009-08-17 18:19:53,062 DEBUG amf3.read_integer()
2009-08-17 18:19:53,062 DEBUG amf3.read_integer() -- result='15'
2009-08-17 18:19:53,062 DEBUG add_string_reference('headers') -- index='5'
2009-08-17 18:19:53,062 DEBUG amf3.read_string() -- result='headers'
2009-08-17 18:19:53,063 DEBUG amf3.read_string()
2009-08-17 18:19:53,063 DEBUG amf3.read_integer()
2009-08-17 18:19:53,065 DEBUG amf3.read_integer() -- result='17'
2009-08-17 18:19:53,065 DEBUG add_string_reference('clientId') -- index='6'
2009-08-17 18:19:53,065 DEBUG amf3.read_string() -- result='clientId'
2009-08-17 18:19:53,065 DEBUG amf3.read_string()
2009-08-17 18:19:53,066 DEBUG amf3.read_integer()
2009-08-17 18:19:53,066 DEBUG amf3.read_integer() -- result='21'
2009-08-17 18:19:53,068 DEBUG add_string_reference('timeToLive') -- index='7'
2009-08-17 18:19:53,069 DEBUG amf3.read_string() -- result='timeToLive'
2009-08-17 18:19:53,069 DEBUG amf3.read_string()
2009-08-17 18:19:53,069 DEBUG amf3.read_integer()
2009-08-17 18:19:53,071 DEBUG amf3.read_integer() -- result='19'
2009-08-17 18:19:53,071 DEBUG add_string_reference('timestamp') -- index='8'
2009-08-17 18:19:53,072 DEBUG amf3.read_string() -- result='timestamp'
2009-08-17 18:19:53,072 DEBUG amf3.read_string()
2009-08-17 18:19:53,072 DEBUG amf3.read_integer()
2009-08-17 18:19:53,072 DEBUG amf3.read_integer() -- result='23'
2009-08-17 18:19:53,073 DEBUG add_string_reference('destination') -- index='9'
2009-08-17 18:19:53,073 DEBUG amf3.read_string() -- result='destination'
2009-08-17 18:19:53,075 DEBUG Class Definition={'dynamic': False, 'member_names': ['operation', 'correlationId', 'messageId', 'body', 'headers', 'clientId', 'timeToLive', 'timestamp', 'destination'], 'type': 'flex.messaging.messages.CommandMessage', 'num_of_members': 9, 'externalizable': False}
2009-08-17 18:19:53,075 DEBUG add_class_def_reference({'dynamic': False, 'member_names': ['operation', 'correlationId', 'messageId', 'body', 'headers', 'clientId', 'timeToLive', 'timestamp', 'destination'], 'type': 'flex.messaging.messages.CommandMessage', 'num_of_members': 9, 'externalizable': False}) -- index='0'
2009-08-17 18:19:53,075 DEBUG add_object_reference({}) -- index='0'
2009-08-17 18:19:53,075 DEBUG read_data()
2009-08-17 18:19:53,076 DEBUG AMF3 Type='4'
2009-08-17 18:19:53,076 DEBUG amf3.read_integer()
2009-08-17 18:19:53,078 DEBUG amf3.read_integer() -- result='5'
2009-08-17 18:19:53,078 DEBUG read_data()
2009-08-17 18:19:53,078 DEBUG AMF3 Type='6'
2009-08-17 18:19:53,078 DEBUG amf3.read_string()
2009-08-17 18:19:53,079 DEBUG amf3.read_integer()
2009-08-17 18:19:53,079 DEBUG amf3.read_integer() -- result='1'
2009-08-17 18:19:53,081 DEBUG read_data()
2009-08-17 18:19:53,081 DEBUG AMF3 Type='6'
2009-08-17 18:19:53,082 DEBUG amf3.read_string()
2009-08-17 18:19:53,082 DEBUG amf3.read_integer()
2009-08-17 18:19:53,082 DEBUG amf3.read_integer() -- result='73'
2009-08-17 18:19:53,082 DEBUG add_string_reference('CD927F3B-7BE0-EB39-9499-2B16901FD9FB') -- index='10'
2009-08-17 18:19:53,084 DEBUG amf3.read_string() -- result='CD927F3B-7BE0-EB39-9499-2B16901FD9FB'
2009-08-17 18:19:53,084 DEBUG read_data()
2009-08-17 18:19:53,085 DEBUG AMF3 Type='10'
2009-08-17 18:19:53,085 DEBUG amf3.read_integer()
2009-08-17 18:19:53,086 DEBUG amf3.read_integer() -- result='11'
2009-08-17 18:19:53,086 DEBUG amf3.read_string()
2009-08-17 18:19:53,088 DEBUG amf3.read_integer()
2009-08-17 18:19:53,088 DEBUG amf3.read_integer() -- result='1'
2009-08-17 18:19:53,088 DEBUG Class Definition={'dynamic': True, 'member_names': [], 'type': '', 'num_of_members': 0, 'externalizable': False}
2009-08-17 18:19:53,089 DEBUG add_class_def_reference({'dynamic': True, 'member_names': [], 'type': '', 'num_of_members': 0, 'externalizable': False}) -- index='1'
2009-08-17 18:19:53,089 DEBUG add_object_reference({}) -- index='1'
2009-08-17 18:19:53,091 DEBUG amf3.read_string()
2009-08-17 18:19:53,091 DEBUG amf3.read_integer()
2009-08-17 18:19:53,092 DEBUG amf3.read_integer() -- result='1'
2009-08-17 18:19:53,092 DEBUG classcast(, {'_explicitType': ''})
2009-08-17 18:19:53,092 DEBUG get_class() -- module='', class=''
2009-08-17 18:19:53,092 DEBUG read_data()
2009-08-17 18:19:53,094 DEBUG AMF3 Type='10'
2009-08-17 18:19:53,095 DEBUG amf3.read_integer()
2009-08-17 18:19:53,095 DEBUG amf3.read_integer() -- result='5'
2009-08-17 18:19:53,095 DEBUG get_class_def_reference(1) -- {'dynamic': True, 'member_names': [], 'type': '', 'num_of_members': 0, 'externalizable': False}
2009-08-17 18:19:53,095 DEBUG add_object_reference({}) -- index='2'
2009-08-17 18:19:53,096 DEBUG amf3.read_string()
2009-08-17 18:19:53,096 DEBUG amf3.read_integer()
2009-08-17 18:19:53,096 DEBUG amf3.read_integer() -- result='37'
2009-08-17 18:19:53,098 DEBUG add_string_reference('DSMessagingVersion') -- index='11'
2009-08-17 18:19:53,098 DEBUG amf3.read_string() -- result='DSMessagingVersion'
2009-08-17 18:19:53,098 DEBUG read_data()
2009-08-17 18:19:53,098 DEBUG AMF3 Type='4'
2009-08-17 18:19:53,099 DEBUG amf3.read_integer()
2009-08-17 18:19:53,099 DEBUG amf3.read_integer() -- result='1'
2009-08-17 18:19:53,101 DEBUG amf3.read_string()
2009-08-17 18:19:53,101 DEBUG amf3.read_integer()
2009-08-17 18:19:53,101 DEBUG amf3.read_integer() -- result='9'
2009-08-17 18:19:53,101 DEBUG add_string_reference('DSId') -- index='12'
2009-08-17 18:19:53,102 DEBUG amf3.read_string() -- result='DSId'
2009-08-17 18:19:53,102 DEBUG read_data()
2009-08-17 18:19:53,104 DEBUG AMF3 Type='6'
2009-08-17 18:19:53,104 DEBUG amf3.read_string()
2009-08-17 18:19:53,105 DEBUG amf3.read_integer()
2009-08-17 18:19:53,105 DEBUG amf3.read_integer() -- result='7'
2009-08-17 18:19:53,105 DEBUG add_string_reference('nil') -- index='13'
2009-08-17 18:19:53,105 DEBUG amf3.read_string() -- result='nil'
2009-08-17 18:19:53,107 DEBUG amf3.read_string()
2009-08-17 18:19:53,107 DEBUG amf3.read_integer()
2009-08-17 18:19:53,107 DEBUG amf3.read_integer() -- result='1'
2009-08-17 18:19:53,108 DEBUG classcast(, {'DSMessagingVersion': 1, 'DSId': 'nil', '_explicitType': ''})
2009-08-17 18:19:53,108 DEBUG get_class() -- module='', class=''
2009-08-17 18:19:53,108 DEBUG read_data()
2009-08-17 18:19:53,108 DEBUG AMF3 Type='1'
2009-08-17 18:19:53,109 DEBUG read_data()
2009-08-17 18:19:53,111 DEBUG AMF3 Type='4'
2009-08-17 18:19:53,111 DEBUG amf3.read_integer()
2009-08-17 18:19:53,111 DEBUG amf3.read_integer() -- result='0'
2009-08-17 18:19:53,112 DEBUG read_data()
2009-08-17 18:19:53,112 DEBUG AMF3 Type='4'
2009-08-17 18:19:53,114 DEBUG amf3.read_integer()
2009-08-17 18:19:53,114 DEBUG amf3.read_integer() -- result='0'
2009-08-17 18:19:53,115 DEBUG read_data()
2009-08-17 18:19:53,115 DEBUG AMF3 Type='6'
2009-08-17 18:19:53,115 DEBUG amf3.read_string()
2009-08-17 18:19:53,115 DEBUG amf3.read_integer()
2009-08-17 18:19:53,117 DEBUG amf3.read_integer() -- result='1'
2009-08-17 18:19:53,117 DEBUG classcast(flex.messaging.messages.CommandMessage, {'body': {'_explicitType': ''}, 'timestamp': 0, 'destination': '', 'clientId': None, 'headers': {'DSMessagingVersion': 1, 'DSId': 'nil', '_explicitType': ''}, 'timeToLive': 0, '_explicitType': 'flex.messaging.messages.CommandMessage', 'messageId': 'CD927F3B-7BE0-EB39-9499-2B16901FD9FB', 'operation': 5, 'correlationId': ''})
2009-08-17 18:19:53,118 DEBUG get_class(amf.messaging.CommandMessage) -- module='amf.messaging', class='CommandMessage'
2009-08-17 18:19:53,119 DEBUG amf0.write_int(3)
2009-08-17 18:19:53,121 DEBUG amf0.write_int(0)
2009-08-17 18:19:53,121 DEBUG amf0.write_int(1)
2009-08-17 18:19:53,121 DEBUG amf0.write_utf('/1/onResult')
2009-08-17 18:19:53,121 DEBUG amf0.write_int(11)
2009-08-17 18:19:53,121 DEBUG amf0.write_utf('null')
2009-08-17 18:19:53,122 DEBUG amf0.write_int(4)
2009-08-17 18:19:53,122 DEBUG amf0.write_byte(17)
2009-08-17 18:19:53,124 DEBUG amf3._write_data(<amf.messaging.AcknowledgeMessage object at 0x0313B410>)
2009-08-17 18:19:53,124 DEBUG amf3.write_object(<amf.messaging.AcknowledgeMessage object at 0x0313B410>)
2009-08-17 18:19:53,125 DEBUG amf0.write_byte(10)
2009-08-17 18:19:53,125 DEBUG add_object_reference(<amf.messaging.AcknowledgeMessage object at 0x0313B410>) -- index='0'
2009-08-17 18:19:53,125 DEBUG add_class_def_reference({'dynamic': False, 'member_names': ['body', 'timestamp', 'destination', 'clientId', 'headers', 'timeToLive', 'messageId', 'correlationId'], 'type': 'flex.messaging.messages.AcknowledgeMessage', 'num_of_members': 8, 'externalizable': False}) -- index='0'
2009-08-17 18:19:53,125 DEBUG amf3._write_integer(131)
2009-08-17 18:19:53,127 DEBUG amf0.write_byte(129)
2009-08-17 18:19:53,127 DEBUG amf0.write_byte(3)
2009-08-17 18:19:53,128 DEBUG amf3._write_string('flex.messaging.messages.AcknowledgeMessage')
2009-08-17 18:19:53,128 DEBUG amf3._write_integer(85)
2009-08-17 18:19:53,128 DEBUG amf0.write_byte(85)
2009-08-17 18:19:53,130 DEBUG add_string_reference('flex.messaging.messages.AcknowledgeMessage') -- index='0'
2009-08-17 18:19:53,130 DEBUG amf3._write_string('body')
2009-08-17 18:19:53,131 DEBUG amf3._write_integer(9)
2009-08-17 18:19:53,131 DEBUG amf0.write_byte(9)
2009-08-17 18:19:53,131 DEBUG add_string_reference('body') -- index='1'
2009-08-17 18:19:53,131 DEBUG amf3._write_string('timestamp')
2009-08-17 18:19:53,131 DEBUG amf3._write_integer(19)
2009-08-17 18:19:53,132 DEBUG amf0.write_byte(19)
2009-08-17 18:19:53,132 DEBUG add_string_reference('timestamp') -- index='2'
2009-08-17 18:19:53,134 DEBUG amf3._write_string('destination')
2009-08-17 18:19:53,134 DEBUG amf3._write_integer(23)
2009-08-17 18:19:53,134 DEBUG amf0.write_byte(23)
2009-08-17 18:19:53,134 DEBUG add_string_reference('destination') -- index='3'
2009-08-17 18:19:53,135 DEBUG amf3._write_string('clientId')
2009-08-17 18:19:53,135 DEBUG amf3._write_integer(17)
2009-08-17 18:19:53,137 DEBUG amf0.write_byte(17)
2009-08-17 18:19:53,137 DEBUG add_string_reference('clientId') -- index='4'
2009-08-17 18:19:53,138 DEBUG amf3._write_string('headers')
2009-08-17 18:19:53,138 DEBUG amf3._write_integer(15)
2009-08-17 18:19:53,138 DEBUG amf0.write_byte(15)
2009-08-17 18:19:53,138 DEBUG add_string_reference('headers') -- index='5'
2009-08-17 18:19:53,140 DEBUG amf3._write_string('timeToLive')
2009-08-17 18:19:53,140 DEBUG amf3._write_integer(21)
2009-08-17 18:19:53,141 DEBUG amf0.write_byte(21)
2009-08-17 18:19:53,141 DEBUG add_string_reference('timeToLive') -- index='6'
2009-08-17 18:19:53,141 DEBUG amf3._write_string('messageId')
2009-08-17 18:19:53,141 DEBUG amf3._write_integer(19)
2009-08-17 18:19:53,142 DEBUG amf0.write_byte(19)
2009-08-17 18:19:53,142 DEBUG add_string_reference('messageId') -- index='7'
2009-08-17 18:19:53,144 DEBUG amf3._write_string('correlationId')
2009-08-17 18:19:53,144 DEBUG amf3._write_integer(27)
2009-08-17 18:19:53,144 DEBUG amf0.write_byte(27)
2009-08-17 18:19:53,144 DEBUG add_string_reference('correlationId') -- index='8'
2009-08-17 18:19:53,145 DEBUG amf3._write_data({})
2009-08-17 18:19:53,147 DEBUG amf3.write_dynamice_object({})
2009-08-17 18:19:53,147 DEBUG amf0.write_byte(10)
2009-08-17 18:19:53,148 DEBUG add_object_reference({}) -- index='1'
2009-08-17 18:19:53,148 DEBUG add_class_def_reference({'dynamic': True, 'member_names': [], 'type': '', 'num_of_members': 0, 'externalizable': False}) -- index='1'
2009-08-17 18:19:53,148 DEBUG amf0.write_byte(11)
2009-08-17 18:19:53,148 DEBUG amf3._write_string('')
2009-08-17 18:19:53,148 DEBUG amf3.write_null()
2009-08-17 18:19:53,150 DEBUG amf0.write_byte(1)
2009-08-17 18:19:53,150 DEBUG amf3._write_string('')
2009-08-17 18:19:53,151 DEBUG amf3.write_null()
2009-08-17 18:19:53,151 DEBUG amf0.write_byte(1)
2009-08-17 18:19:53,151 DEBUG amf3._write_data(1250558393000.0)
2009-08-17 18:19:53,153 DEBUG amf0.write_byte(5)
2009-08-17 18:19:53,154 DEBUG amf0.write_double(1250558393000.0)
2009-08-17 18:19:53,154 DEBUG amf3._write_data('')
2009-08-17 18:19:53,154 DEBUG amf0.write_byte(6)
2009-08-17 18:19:53,154 DEBUG amf3._write_string('')
2009-08-17 18:19:53,155 DEBUG amf3.write_null()
2009-08-17 18:19:53,155 DEBUG amf0.write_byte(1)
2009-08-17 18:19:53,157 DEBUG amf3._write_data(None)
2009-08-17 18:19:53,157 DEBUG amf3.write_null()
2009-08-17 18:19:53,157 DEBUG amf0.write_byte(1)
2009-08-17 18:19:53,157 DEBUG amf3._write_data({})
2009-08-17 18:19:53,158 DEBUG amf3.write_dynamice_object({})
2009-08-17 18:19:53,158 DEBUG amf0.write_byte(10)
2009-08-17 18:19:53,160 DEBUG amf3._write_integer(2)
2009-08-17 18:19:53,160 DEBUG amf0.write_byte(2)
2009-08-17 18:19:53,161 DEBUG amf3._write_data(0)
2009-08-17 18:19:53,161 DEBUG amf0.write_byte(4)
2009-08-17 18:19:53,161 DEBUG amf3._write_integer(0)
2009-08-17 18:19:53,161 DEBUG amf0.write_byte(0)
2009-08-17 18:19:53,163 DEBUG amf3._write_data(None)
2009-08-17 18:19:53,163 DEBUG amf3.write_null()
2009-08-17 18:19:53,164 DEBUG amf0.write_byte(1)
2009-08-17 18:19:53,164 DEBUG amf3._write_data('CD927F3B-7BE0-EB39-9499-2B16901FD9FB')
2009-08-17 18:19:53,164 DEBUG amf0.write_byte(6)
2009-08-17 18:19:53,164 DEBUG amf3._write_string('CD927F3B-7BE0-EB39-9499-2B16901FD9FB')
2009-08-17 18:19:53,165 DEBUG amf3._write_integer(73)
2009-08-17 18:19:53,165 DEBUG amf0.write_byte(73)
2009-08-17 18:19:53,167 DEBUG add_string_reference('CD927F3B-7BE0-EB39-9499-2B16901FD9FB') -- index='9'
2009-08-17 18:19:53,167 DEBUG amf0.write_long(185)
2009-08-17 18:19:53,194 DEBUG AMF Type='10'
2009-08-17 18:19:53,196 DEBUG read_data()
2009-08-17 18:19:53,196 DEBUG AMF3 Type='10'
2009-08-17 18:19:53,197 DEBUG amf3.read_integer()
2009-08-17 18:19:53,197 DEBUG amf3.read_integer() -- result='147'
2009-08-17 18:19:53,197 DEBUG amf3.read_string()
2009-08-17 18:19:53,197 DEBUG amf3.read_integer()
2009-08-17 18:19:53,197 DEBUG amf3.read_integer() -- result='79'
2009-08-17 18:19:53,198 DEBUG add_string_reference('flex.messaging.messages.RemotingMessage') -- index='0'
2009-08-17 18:19:53,198 DEBUG amf3.read_string() -- result='flex.messaging.messages.RemotingMessage'
2009-08-17 18:19:53,200 DEBUG amf3.read_string()
2009-08-17 18:19:53,200 DEBUG amf3.read_integer()
2009-08-17 18:19:53,200 DEBUG amf3.read_integer() -- result='19'
2009-08-17 18:19:53,200 DEBUG add_string_reference('operation') -- index='1'
2009-08-17 18:19:53,201 DEBUG amf3.read_string() -- result='operation'
2009-08-17 18:19:53,201 DEBUG amf3.read_string()
2009-08-17 18:19:53,201 DEBUG amf3.read_integer()
2009-08-17 18:19:53,203 DEBUG amf3.read_integer() -- result='13'
2009-08-17 18:19:53,203 DEBUG add_string_reference('source') -- index='2'
2009-08-17 18:19:53,203 DEBUG amf3.read_string() -- result='source'
2009-08-17 18:19:53,203 DEBUG amf3.read_string()
2009-08-17 18:19:53,204 DEBUG amf3.read_integer()
2009-08-17 18:19:53,206 DEBUG amf3.read_integer() -- result='19'
2009-08-17 18:19:53,207 DEBUG add_string_reference('messageId') -- index='3'
2009-08-17 18:19:53,207 DEBUG amf3.read_string() -- result='messageId'
2009-08-17 18:19:53,207 DEBUG amf3.read_string()
2009-08-17 18:19:53,207 DEBUG amf3.read_integer()
2009-08-17 18:19:53,207 DEBUG amf3.read_integer() -- result='9'
2009-08-17 18:19:53,209 DEBUG add_string_reference('body') -- index='4'
2009-08-17 18:19:53,209 DEBUG amf3.read_string() -- result='body'
2009-08-17 18:19:53,210 DEBUG amf3.read_string()
2009-08-17 18:19:53,210 DEBUG amf3.read_integer()
2009-08-17 18:19:53,210 DEBUG amf3.read_integer() -- result='15'
2009-08-17 18:19:53,210 DEBUG add_string_reference('headers') -- index='5'
2009-08-17 18:19:53,210 DEBUG amf3.read_string() -- result='headers'
2009-08-17 18:19:53,211 DEBUG amf3.read_string()
2009-08-17 18:19:53,211 DEBUG amf3.read_integer()
2009-08-17 18:19:53,213 DEBUG amf3.read_integer() -- result='17'
2009-08-17 18:19:53,213 DEBUG add_string_reference('clientId') -- index='6'
2009-08-17 18:19:53,213 DEBUG amf3.read_string() -- result='clientId'
2009-08-17 18:19:53,213 DEBUG amf3.read_string()
2009-08-17 18:19:53,213 DEBUG amf3.read_integer()
2009-08-17 18:19:53,214 DEBUG amf3.read_integer() -- result='21'
2009-08-17 18:19:53,214 DEBUG add_string_reference('timeToLive') -- index='7'
2009-08-17 18:19:53,216 DEBUG amf3.read_string() -- result='timeToLive'
2009-08-17 18:19:53,216 DEBUG amf3.read_string()
2009-08-17 18:19:53,217 DEBUG amf3.read_integer()
2009-08-17 18:19:53,217 DEBUG amf3.read_integer() -- result='19'
2009-08-17 18:19:53,217 DEBUG add_string_reference('timestamp') -- index='8'
2009-08-17 18:19:53,219 DEBUG amf3.read_string() -- result='timestamp'
2009-08-17 18:19:53,219 DEBUG amf3.read_string()
2009-08-17 18:19:53,220 DEBUG amf3.read_integer()
2009-08-17 18:19:53,220 DEBUG amf3.read_integer() -- result='23'
2009-08-17 18:19:53,220 DEBUG add_string_reference('destination') -- index='9'
2009-08-17 18:19:53,220 DEBUG amf3.read_string() -- result='destination'
2009-08-17 18:19:53,221 DEBUG Class Definition={'dynamic': False, 'member_names': ['operation', 'source', 'messageId', 'body', 'headers', 'clientId', 'timeToLive', 'timestamp', 'destination'], 'type': 'flex.messaging.messages.RemotingMessage', 'num_of_members': 9, 'externalizable': False}
2009-08-17 18:19:53,221 DEBUG add_class_def_reference({'dynamic': False, 'member_names': ['operation', 'source', 'messageId', 'body', 'headers', 'clientId', 'timeToLive', 'timestamp', 'destination'], 'type': 'flex.messaging.messages.RemotingMessage', 'num_of_members': 9, 'externalizable': False}) -- index='0'
2009-08-17 18:19:53,223 DEBUG add_object_reference({}) -- index='0'
2009-08-17 18:19:53,223 DEBUG read_data()
2009-08-17 18:19:53,223 DEBUG AMF3 Type='6'
2009-08-17 18:19:53,223 DEBUG amf3.read_string()
2009-08-17 18:19:53,223 DEBUG amf3.read_integer()
2009-08-17 18:19:53,224 DEBUG amf3.read_integer() -- result='1'
2009-08-17 18:19:53,224 DEBUG read_data()
2009-08-17 18:19:53,226 DEBUG AMF3 Type='1'
2009-08-17 18:19:53,226 DEBUG read_data()
2009-08-17 18:19:53,226 DEBUG AMF3 Type='6'
2009-08-17 18:19:53,226 DEBUG amf3.read_string()
2009-08-17 18:19:53,227 DEBUG amf3.read_integer()
2009-08-17 18:19:53,227 DEBUG amf3.read_integer() -- result='73'
2009-08-17 18:19:53,227 DEBUG add_string_reference('C54DEDCA-02A1-B647-5B0F-2B16901382A6') -- index='10'
2009-08-17 18:19:53,229 DEBUG amf3.read_string() -- result='C54DEDCA-02A1-B647-5B0F-2B16901382A6'
2009-08-17 18:19:53,229 DEBUG read_data()
2009-08-17 18:19:53,230 DEBUG AMF3 Type='9'
2009-08-17 18:19:53,230 DEBUG amf3.read_array()
2009-08-17 18:19:53,230 DEBUG amf3.read_integer()
2009-08-17 18:19:53,230 DEBUG amf3.read_integer() -- result='3'
2009-08-17 18:19:53,230 DEBUG amf3.read_array() -- count='1'
2009-08-17 18:19:53,232 DEBUG add_object_reference(None) -- index='1'
2009-08-17 18:19:53,232 DEBUG read_data()
2009-08-17 18:19:53,233 DEBUG AMF3 Type='1'
2009-08-17 18:19:53,233 DEBUG amf3.read_array() -- key=None
2009-08-17 18:19:53,233 DEBUG read_data()
2009-08-17 18:19:53,233 DEBUG AMF3 Type='9'
2009-08-17 18:19:53,234 DEBUG amf3.read_array()
2009-08-17 18:19:53,234 DEBUG amf3.read_integer()
2009-08-17 18:19:53,236 DEBUG amf3.read_integer() -- result='1'
2009-08-17 18:19:53,236 DEBUG amf3.read_array() -- count='0'
2009-08-17 18:19:53,236 DEBUG add_object_reference(None) -- index='2'
2009-08-17 18:19:53,236 DEBUG read_data()
2009-08-17 18:19:53,237 DEBUG AMF3 Type='1'
2009-08-17 18:19:53,237 DEBUG amf3.read_array() -- key=None
2009-08-17 18:19:53,239 DEBUG amf3.read_array() -- [0]=[]
2009-08-17 18:19:53,239 DEBUG read_data()
2009-08-17 18:19:53,239 DEBUG AMF3 Type='10'
2009-08-17 18:19:53,240 DEBUG amf3.read_integer()
2009-08-17 18:19:53,240 DEBUG amf3.read_integer() -- result='11'
2009-08-17 18:19:53,240 DEBUG amf3.read_string()
2009-08-17 18:19:53,240 DEBUG amf3.read_integer()
2009-08-17 18:19:53,242 DEBUG amf3.read_integer() -- result='1'
2009-08-17 18:19:53,242 DEBUG Class Definition={'dynamic': True, 'member_names': [], 'type': '', 'num_of_members': 0, 'externalizable': False}
2009-08-17 18:19:53,243 DEBUG add_class_def_reference({'dynamic': True, 'member_names': [], 'type': '', 'num_of_members': 0, 'externalizable': False}) -- index='1'
2009-08-17 18:19:53,243 DEBUG add_object_reference({}) -- index='3'
2009-08-17 18:19:53,243 DEBUG amf3.read_string()
2009-08-17 18:19:53,243 DEBUG amf3.read_integer()
2009-08-17 18:19:53,243 DEBUG amf3.read_integer() -- result='21'
2009-08-17 18:19:53,244 DEBUG add_string_reference('DSEndpoint') -- index='11'
2009-08-17 18:19:53,244 DEBUG amf3.read_string() -- result='DSEndpoint'
2009-08-17 18:19:53,246 DEBUG read_data()
2009-08-17 18:19:53,246 DEBUG AMF3 Type='1'
2009-08-17 18:19:53,246 DEBUG amf3.read_string()
2009-08-17 18:19:53,246 DEBUG amf3.read_integer()
2009-08-17 18:19:53,247 DEBUG amf3.read_integer() -- result='9'
2009-08-17 18:19:53,247 DEBUG add_string_reference('DSId') -- index='12'
2009-08-17 18:19:53,247 DEBUG amf3.read_string() -- result='DSId'
2009-08-17 18:19:53,249 DEBUG read_data()
2009-08-17 18:19:53,249 DEBUG AMF3 Type='6'
2009-08-17 18:19:53,250 DEBUG amf3.read_string()
2009-08-17 18:19:53,250 DEBUG amf3.read_integer()
2009-08-17 18:19:53,250 DEBUG amf3.read_integer() -- result='7'
2009-08-17 18:19:53,250 DEBUG add_string_reference('nil') -- index='13'
2009-08-17 18:19:53,252 DEBUG amf3.read_string() -- result='nil'
2009-08-17 18:19:53,252 DEBUG amf3.read_string()
2009-08-17 18:19:53,253 DEBUG amf3.read_integer()
2009-08-17 18:19:53,253 DEBUG amf3.read_integer() -- result='1'
2009-08-17 18:19:53,253 DEBUG classcast(, {'DSId': 'nil', '_explicitType': '', 'DSEndpoint': None})
2009-08-17 18:19:53,253 DEBUG get_class() -- module='', class=''
2009-08-17 18:19:53,256 DEBUG read_data()
2009-08-17 18:19:53,256 DEBUG AMF3 Type='1'
2009-08-17 18:19:53,256 DEBUG read_data()
2009-08-17 18:19:53,256 DEBUG AMF3 Type='4'
2009-08-17 18:19:53,257 DEBUG amf3.read_integer()
2009-08-17 18:19:53,257 DEBUG amf3.read_integer() -- result='0'
2009-08-17 18:19:53,259 DEBUG read_data()
2009-08-17 18:19:53,259 DEBUG AMF3 Type='4'
2009-08-17 18:19:53,259 DEBUG amf3.read_integer()
2009-08-17 18:19:53,259 DEBUG amf3.read_integer() -- result='0'
2009-08-17 18:19:53,259 DEBUG read_data()
2009-08-17 18:19:53,260 DEBUG AMF3 Type='6'
2009-08-17 18:19:53,260 DEBUG amf3.read_string()
2009-08-17 18:19:53,262 DEBUG amf3.read_integer()
2009-08-17 18:19:53,262 DEBUG amf3.read_integer() -- result='37'
2009-08-17 18:19:53,263 DEBUG add_string_reference('getCurrentDatetime') -- index='14'
2009-08-17 18:19:53,263 DEBUG amf3.read_string() -- result='getCurrentDatetime'
2009-08-17 18:19:53,263 DEBUG classcast(flex.messaging.messages.RemotingMessage, {'body': [[]], 'headers': {'DSId': 'nil', '_explicitType': '', 'DSEndpoint': None}, 'timestamp': 0, 'destination': 'getCurrentDatetime', 'clientId': None, 'source': None, 'timeToLive': 0, 'messageId': 'C54DEDCA-02A1-B647-5B0F-2B16901382A6', 'operation': '', '_explicitType': 'flex.messaging.messages.RemotingMessage'})
2009-08-17 18:19:53,263 DEBUG get_class(amf.messaging.RemotingMessage) -- module='amf.messaging', class='RemotingMessage'
2009-08-17 18:19:53,266 DEBUG amf0.write_int(3)
2009-08-17 18:19:53,266 DEBUG amf0.write_int(0)
2009-08-17 18:19:53,267 DEBUG amf0.write_int(1)
2009-08-17 18:19:53,267 DEBUG amf0.write_utf('/2/onStatus')
2009-08-17 18:19:53,269 DEBUG amf0.write_int(11)
2009-08-17 18:19:53,269 DEBUG amf0.write_utf('null')
2009-08-17 18:19:53,269 DEBUG amf0.write_int(4)
2009-08-17 18:19:53,270 DEBUG amf0.write_byte(17)
2009-08-17 18:19:53,270 DEBUG amf3._write_data(<amf.messaging.ErrorMessage object at 0x034BEBD0>)
2009-08-17 18:19:53,272 DEBUG amf3.write_object(<amf.messaging.ErrorMessage object at 0x034BEBD0>)
2009-08-17 18:19:53,272 DEBUG amf0.write_byte(10)
2009-08-17 18:19:53,272 DEBUG add_object_reference(<amf.messaging.ErrorMessage object at 0x034BEBD0>) -- index='0'
2009-08-17 18:19:53,273 DEBUG add_class_def_reference({'dynamic': False, 'member_names': ['body', 'extendedData', 'rootCause', 'timestamp', 'destination', 'faultDetail', 'clientId', 'headers', 'faultCode', 'timeToLive', 'messageId', 'faultString', 'correlationId'], 'type': 'flex.messaging.messages.ErrorMessage', 'num_of_members': 13, 'externalizable': False}) -- index='0'
2009-08-17 18:19:53,273 DEBUG amf3._write_integer(211)
2009-08-17 18:19:53,273 DEBUG amf0.write_byte(129)
2009-08-17 18:19:53,275 DEBUG amf0.write_byte(83)
2009-08-17 18:19:53,275 DEBUG amf3._write_string('flex.messaging.messages.ErrorMessage')
2009-08-17 18:19:53,276 DEBUG amf3._write_integer(73)
2009-08-17 18:19:53,276 DEBUG amf0.write_byte(73)
2009-08-17 18:19:53,276 DEBUG add_string_reference('flex.messaging.messages.ErrorMessage') -- index='0'
2009-08-17 18:19:53,276 DEBUG amf3._write_string('body')
2009-08-17 18:19:53,276 DEBUG amf3._write_integer(9)
2009-08-17 18:19:53,278 DEBUG amf0.write_byte(9)
2009-08-17 18:19:53,278 DEBUG add_string_reference('body') -- index='1'
2009-08-17 18:19:53,279 DEBUG amf3._write_string('extendedData')
2009-08-17 18:19:53,279 DEBUG amf3._write_integer(25)
2009-08-17 18:19:53,279 DEBUG amf0.write_byte(25)
2009-08-17 18:19:53,279 DEBUG add_string_reference('extendedData') -- index='2'
2009-08-17 18:19:53,280 DEBUG amf3._write_string('rootCause')
2009-08-17 18:19:53,280 DEBUG amf3._write_integer(19)
2009-08-17 18:19:53,282 DEBUG amf0.write_byte(19)
2009-08-17 18:19:53,282 DEBUG add_string_reference('rootCause') -- index='3'
2009-08-17 18:19:53,282 DEBUG amf3._write_string('timestamp')
2009-08-17 18:19:53,282 DEBUG amf3._write_integer(19)
2009-08-17 18:19:53,283 DEBUG amf0.write_byte(19)
2009-08-17 18:19:53,283 DEBUG add_string_reference('timestamp') -- index='4'
2009-08-17 18:19:53,283 DEBUG amf3._write_string('destination')
2009-08-17 18:19:53,285 DEBUG amf3._write_integer(23)
2009-08-17 18:19:53,286 DEBUG amf0.write_byte(23)
2009-08-17 18:19:53,286 DEBUG add_string_reference('destination') -- index='5'
2009-08-17 18:19:53,286 DEBUG amf3._write_string('faultDetail')
2009-08-17 18:19:53,286 DEBUG amf3._write_integer(23)
2009-08-17 18:19:53,288 DEBUG amf0.write_byte(23)
2009-08-17 18:19:53,288 DEBUG add_string_reference('faultDetail') -- index='6'
2009-08-17 18:19:53,288 DEBUG amf3._write_string('clientId')
2009-08-17 18:19:53,289 DEBUG amf3._write_integer(17)
2009-08-17 18:19:53,289 DEBUG amf0.write_byte(17)
2009-08-17 18:19:53,289 DEBUG add_string_reference('clientId') -- index='7'
2009-08-17 18:19:53,290 DEBUG amf3._write_string('headers')
2009-08-17 18:19:53,290 DEBUG amf3._write_integer(15)
2009-08-17 18:19:53,290 DEBUG amf0.write_byte(15)
2009-08-17 18:19:53,292 DEBUG add_string_reference('headers') -- index='8'
2009-08-17 18:19:53,292 DEBUG amf3._write_string('faultCode')
2009-08-17 18:19:53,292 DEBUG amf3._write_integer(19)
2009-08-17 18:19:53,292 DEBUG amf0.write_byte(19)
2009-08-17 18:19:53,293 DEBUG add_string_reference('faultCode') -- index='9'
2009-08-17 18:19:53,293 DEBUG amf3._write_string('timeToLive')
2009-08-17 18:19:53,295 DEBUG amf3._write_integer(21)
2009-08-17 18:19:53,295 DEBUG amf0.write_byte(21)
2009-08-17 18:19:53,296 DEBUG add_string_reference('timeToLive') -- index='10'
2009-08-17 18:19:53,296 DEBUG amf3._write_string('messageId')
2009-08-17 18:19:53,298 DEBUG amf3._write_integer(19)
2009-08-17 18:19:53,298 DEBUG amf0.write_byte(19)
2009-08-17 18:19:53,299 DEBUG add_string_reference('messageId') -- index='11'
2009-08-17 18:19:53,299 DEBUG amf3._write_string('faultString')
2009-08-17 18:19:53,299 DEBUG amf3._write_integer(23)
2009-08-17 18:19:53,301 DEBUG amf0.write_byte(23)
2009-08-17 18:19:53,302 DEBUG add_string_reference('faultString') -- index='12'
2009-08-17 18:19:53,302 DEBUG amf3._write_string('correlationId')
2009-08-17 18:19:53,302 DEBUG amf3._write_integer(27)
2009-08-17 18:19:53,302 DEBUG amf0.write_byte(27)
2009-08-17 18:19:53,303 DEBUG add_string_reference('correlationId') -- index='13'
2009-08-17 18:19:53,303 DEBUG amf3._write_data({})
2009-08-17 18:19:53,305 DEBUG amf3.write_dynamice_object({})
2009-08-17 18:19:53,305 DEBUG amf0.write_byte(10)
2009-08-17 18:19:53,305 DEBUG add_object_reference({}) -- index='1'
2009-08-17 18:19:53,306 DEBUG add_class_def_reference({'dynamic': True, 'member_names': [], 'type': '', 'num_of_members': 0, 'externalizable': False}) -- index='1'
2009-08-17 18:19:53,306 DEBUG amf0.write_byte(11)
2009-08-17 18:19:53,308 DEBUG amf3._write_string('')
2009-08-17 18:19:53,308 DEBUG amf3.write_null()
2009-08-17 18:19:53,309 DEBUG amf0.write_byte(1)
2009-08-17 18:19:53,309 DEBUG amf3._write_string('')
2009-08-17 18:19:53,309 DEBUG amf3.write_null()
2009-08-17 18:19:53,309 DEBUG amf0.write_byte(1)
2009-08-17 18:19:53,311 DEBUG amf3._write_data({})
2009-08-17 18:19:53,311 DEBUG amf3.write_dynamice_object({})
2009-08-17 18:19:53,312 DEBUG amf0.write_byte(10)
2009-08-17 18:19:53,312 DEBUG amf3._write_integer(2)
2009-08-17 18:19:53,312 DEBUG amf0.write_byte(2)
2009-08-17 18:19:53,312 DEBUG amf3._write_data({})
2009-08-17 18:19:53,313 DEBUG amf3.write_dynamice_object({})
2009-08-17 18:19:53,313 DEBUG amf0.write_byte(10)
2009-08-17 18:19:53,315 DEBUG amf3._write_integer(2)
2009-08-17 18:19:53,315 DEBUG amf0.write_byte(2)
2009-08-17 18:19:53,315 DEBUG amf3._write_data(1250558393000.0)
2009-08-17 18:19:53,315 DEBUG amf0.write_byte(5)
2009-08-17 18:19:53,315 DEBUG amf0.write_double(1250558393000.0)
2009-08-17 18:19:53,316 DEBUG amf3._write_data('')
2009-08-17 18:19:53,316 DEBUG amf0.write_byte(6)
2009-08-17 18:19:53,318 DEBUG amf3._write_string('')
2009-08-17 18:19:53,318 DEBUG amf3.write_null()
2009-08-17 18:19:53,319 DEBUG amf0.write_byte(1)
2009-08-17 18:19:53,319 DEBUG amf3._write_data('Exception was thrown when executing remoting method.(getCurrentDatetime() takes exactly 1 argument (2 given)) [method=gateway.default.getCurrentDatetime, args=[<amf.messaging.RemotingMessage object at 0x034BE870>]]')
2009-08-17 18:19:53,319 DEBUG amf0.write_byte(6)
2009-08-17 18:19:53,319 DEBUG amf3._write_string('Exception was thrown when executing remoting method.(getCurrentDatetime() takes exactly 1 argument (2 given)) [method=gateway.default.getCurrentDatetime, args=[<amf.messaging.RemotingMessage object at 0x034BE870>]]')
2009-08-17 18:19:53,321 DEBUG amf3._write_integer(429)
2009-08-17 18:19:53,321 DEBUG amf0.write_byte(131)
2009-08-17 18:19:53,322 DEBUG amf0.write_byte(45)
2009-08-17 18:19:53,322 DEBUG add_string_reference('Exception was thrown when executing remoting method.(getCurrentDatetime() takes exactly 1 argument (2 given)) [method=gateway.default.getCurrentDatetime, args=[<amf.messaging.RemotingMessage object at 0x034BE870>]]') -- index='14'
2009-08-17 18:19:53,322 DEBUG amf3._write_data(None)
2009-08-17 18:19:53,322 DEBUG amf3.write_null()
2009-08-17 18:19:53,323 DEBUG amf0.write_byte(1)
2009-08-17 18:19:53,323 DEBUG amf3._write_data({})
2009-08-17 18:19:53,325 DEBUG amf3.write_dynamice_object({})
2009-08-17 18:19:53,325 DEBUG amf0.write_byte(10)
2009-08-17 18:19:53,325 DEBUG amf3._write_integer(2)
2009-08-17 18:19:53,325 DEBUG amf0.write_byte(2)
2009-08-17 18:19:53,325 DEBUG amf3._write_data('')
2009-08-17 18:19:53,326 DEBUG amf0.write_byte(6)
2009-08-17 18:19:53,326 DEBUG amf3._write_string('')
2009-08-17 18:19:53,328 DEBUG amf3.write_null()
2009-08-17 18:19:53,328 DEBUG amf0.write_byte(1)
2009-08-17 18:19:53,328 DEBUG amf3._write_data(0)
2009-08-17 18:19:53,328 DEBUG amf0.write_byte(4)
2009-08-17 18:19:53,329 DEBUG amf3._write_integer(0)
2009-08-17 18:19:53,329 DEBUG amf0.write_byte(0)
2009-08-17 18:19:53,331 DEBUG amf3._write_data(None)
2009-08-17 18:19:53,331 DEBUG amf3.write_null()
2009-08-17 18:19:53,332 DEBUG amf0.write_byte(1)
2009-08-17 18:19:53,332 DEBUG amf3._write_data('getCurrentDatetime() takes exactly 1 argument (2 given)')
2009-08-17 18:19:53,332 DEBUG amf0.write_byte(6)
2009-08-17 18:19:53,332 DEBUG amf3._write_string('getCurrentDatetime() takes exactly 1 argument (2 given)')
2009-08-17 18:19:53,334 DEBUG amf3._write_integer(111)
2009-08-17 18:19:53,334 DEBUG amf0.write_byte(111)
2009-08-17 18:19:53,334 DEBUG add_string_reference('getCurrentDatetime() takes exactly 1 argument (2 given)') -- index='15'
2009-08-17 18:19:53,335 DEBUG amf3._write_data('C54DEDCA-02A1-B647-5B0F-2B16901382A6')
2009-08-17 18:19:53,335 DEBUG amf0.write_byte(6)
2009-08-17 18:19:53,335 DEBUG amf3._write_string('C54DEDCA-02A1-B647-5B0F-2B16901382A6')
2009-08-17 18:19:53,335 DEBUG amf3._write_integer(73)
2009-08-17 18:19:53,338 DEBUG amf0.write_byte(73)
2009-08-17 18:19:53,338 DEBUG add_string_reference('C54DEDCA-02A1-B647-5B0F-2B16901382A6') -- index='16'
2009-08-17 18:19:53,338 DEBUG amf0.write_long(516)
