2009-08-17 18:23:56,158 INFO Start the vyperlogix.django.cherryPy.djangocerise server on 127.0.0.1:8888 logging to Z:\python projects\_django-projects\@projects\amfsample\django\djangocerise_1_2\logs\webserver_2009-08-17_182355_127_0_0_1_8888.log
2009-08-17 18:26:20,122 DEBUG AMFMiddleware was initialized.
2009-08-17 18:26:20,177 DEBUG AMF Type='10'
2009-08-17 18:26:20,190 DEBUG read_data()
2009-08-17 18:26:20,190 DEBUG AMF3 Type='10'
2009-08-17 18:26:20,190 DEBUG amf3.read_integer()
2009-08-17 18:26:20,190 DEBUG amf3.read_integer() -- result='147'
2009-08-17 18:26:20,191 DEBUG amf3.read_string()
2009-08-17 18:26:20,193 DEBUG amf3.read_integer()
2009-08-17 18:26:20,193 DEBUG amf3.read_integer() -- result='77'
2009-08-17 18:26:20,194 DEBUG add_string_reference('flex.messaging.messages.CommandMessage') -- index='0'
2009-08-17 18:26:20,194 DEBUG amf3.read_string() -- result='flex.messaging.messages.CommandMessage'
2009-08-17 18:26:20,194 DEBUG amf3.read_string()
2009-08-17 18:26:20,194 DEBUG amf3.read_integer()
2009-08-17 18:26:20,194 DEBUG amf3.read_integer() -- result='19'
2009-08-17 18:26:20,196 DEBUG add_string_reference('operation') -- index='1'
2009-08-17 18:26:20,196 DEBUG amf3.read_string() -- result='operation'
2009-08-17 18:26:20,197 DEBUG amf3.read_string()
2009-08-17 18:26:20,197 DEBUG amf3.read_integer()
2009-08-17 18:26:20,197 DEBUG amf3.read_integer() -- result='27'
2009-08-17 18:26:20,197 DEBUG add_string_reference('correlationId') -- index='2'
2009-08-17 18:26:20,198 DEBUG amf3.read_string() -- result='correlationId'
2009-08-17 18:26:20,200 DEBUG amf3.read_string()
2009-08-17 18:26:20,200 DEBUG amf3.read_integer()
2009-08-17 18:26:20,200 DEBUG amf3.read_integer() -- result='19'
2009-08-17 18:26:20,200 DEBUG add_string_reference('messageId') -- index='3'
2009-08-17 18:26:20,200 DEBUG amf3.read_string() -- result='messageId'
2009-08-17 18:26:20,201 DEBUG amf3.read_string()
2009-08-17 18:26:20,201 DEBUG amf3.read_integer()
2009-08-17 18:26:20,203 DEBUG amf3.read_integer() -- result='9'
2009-08-17 18:26:20,203 DEBUG add_string_reference('body') -- index='4'
2009-08-17 18:26:20,203 DEBUG amf3.read_string() -- result='body'
2009-08-17 18:26:20,203 DEBUG amf3.read_string()
2009-08-17 18:26:20,204 DEBUG amf3.read_integer()
2009-08-17 18:26:20,206 DEBUG amf3.read_integer() -- result='15'
2009-08-17 18:26:20,206 DEBUG add_string_reference('headers') -- index='5'
2009-08-17 18:26:20,207 DEBUG amf3.read_string() -- result='headers'
2009-08-17 18:26:20,207 DEBUG amf3.read_string()
2009-08-17 18:26:20,207 DEBUG amf3.read_integer()
2009-08-17 18:26:20,207 DEBUG amf3.read_integer() -- result='17'
2009-08-17 18:26:20,207 DEBUG add_string_reference('clientId') -- index='6'
2009-08-17 18:26:20,209 DEBUG amf3.read_string() -- result='clientId'
2009-08-17 18:26:20,209 DEBUG amf3.read_string()
2009-08-17 18:26:20,210 DEBUG amf3.read_integer()
2009-08-17 18:26:20,210 DEBUG amf3.read_integer() -- result='21'
2009-08-17 18:26:20,210 DEBUG add_string_reference('timeToLive') -- index='7'
2009-08-17 18:26:20,210 DEBUG amf3.read_string() -- result='timeToLive'
2009-08-17 18:26:20,211 DEBUG amf3.read_string()
2009-08-17 18:26:20,211 DEBUG amf3.read_integer()
2009-08-17 18:26:20,213 DEBUG amf3.read_integer() -- result='19'
2009-08-17 18:26:20,213 DEBUG add_string_reference('timestamp') -- index='8'
2009-08-17 18:26:20,213 DEBUG amf3.read_string() -- result='timestamp'
2009-08-17 18:26:20,213 DEBUG amf3.read_string()
2009-08-17 18:26:20,214 DEBUG amf3.read_integer()
2009-08-17 18:26:20,214 DEBUG amf3.read_integer() -- result='23'
2009-08-17 18:26:20,216 DEBUG add_string_reference('destination') -- index='9'
2009-08-17 18:26:20,216 DEBUG amf3.read_string() -- result='destination'
2009-08-17 18:26:20,217 DEBUG Class Definition={'dynamic': False, 'member_names': ['operation', 'correlationId', 'messageId', 'body', 'headers', 'clientId', 'timeToLive', 'timestamp', 'destination'], 'type': 'flex.messaging.messages.CommandMessage', 'num_of_members': 9, 'externalizable': False}
2009-08-17 18:26:20,217 DEBUG add_class_def_reference({'dynamic': False, 'member_names': ['operation', 'correlationId', 'messageId', 'body', 'headers', 'clientId', 'timeToLive', 'timestamp', 'destination'], 'type': 'flex.messaging.messages.CommandMessage', 'num_of_members': 9, 'externalizable': False}) -- index='0'
2009-08-17 18:26:20,217 DEBUG add_object_reference({}) -- index='0'
2009-08-17 18:26:20,219 DEBUG read_data()
2009-08-17 18:26:20,219 DEBUG AMF3 Type='4'
2009-08-17 18:26:20,220 DEBUG amf3.read_integer()
2009-08-17 18:26:20,220 DEBUG amf3.read_integer() -- result='5'
2009-08-17 18:26:20,220 DEBUG read_data()
2009-08-17 18:26:20,220 DEBUG AMF3 Type='6'
2009-08-17 18:26:20,221 DEBUG amf3.read_string()
2009-08-17 18:26:20,221 DEBUG amf3.read_integer()
2009-08-17 18:26:20,223 DEBUG amf3.read_integer() -- result='1'
2009-08-17 18:26:20,223 DEBUG read_data()
2009-08-17 18:26:20,224 DEBUG AMF3 Type='6'
2009-08-17 18:26:20,226 DEBUG amf3.read_string()
2009-08-17 18:26:20,226 DEBUG amf3.read_integer()
2009-08-17 18:26:20,226 DEBUG amf3.read_integer() -- result='73'
2009-08-17 18:26:20,226 DEBUG add_string_reference('4196E0F9-CCBA-F154-3467-2B1C9AC1DFEE') -- index='10'
2009-08-17 18:26:20,227 DEBUG amf3.read_string() -- result='4196E0F9-CCBA-F154-3467-2B1C9AC1DFEE'
2009-08-17 18:26:20,227 DEBUG read_data()
2009-08-17 18:26:20,229 DEBUG AMF3 Type='10'
2009-08-17 18:26:20,229 DEBUG amf3.read_integer()
2009-08-17 18:26:20,230 DEBUG amf3.read_integer() -- result='11'
2009-08-17 18:26:20,230 DEBUG amf3.read_string()
2009-08-17 18:26:20,230 DEBUG amf3.read_integer()
2009-08-17 18:26:20,230 DEBUG amf3.read_integer() -- result='1'
2009-08-17 18:26:20,232 DEBUG Class Definition={'dynamic': True, 'member_names': [], 'type': '', 'num_of_members': 0, 'externalizable': False}
2009-08-17 18:26:20,233 DEBUG add_class_def_reference({'dynamic': True, 'member_names': [], 'type': '', 'num_of_members': 0, 'externalizable': False}) -- index='1'
2009-08-17 18:26:20,233 DEBUG add_object_reference({}) -- index='1'
2009-08-17 18:26:20,233 DEBUG amf3.read_string()
2009-08-17 18:26:20,233 DEBUG amf3.read_integer()
2009-08-17 18:26:20,234 DEBUG amf3.read_integer() -- result='1'
2009-08-17 18:26:20,234 DEBUG classcast(, {'_explicitType': ''})
2009-08-17 18:26:20,236 DEBUG get_class() -- module='', class=''
2009-08-17 18:26:20,236 DEBUG read_data()
2009-08-17 18:26:20,236 DEBUG AMF3 Type='10'
2009-08-17 18:26:20,236 DEBUG amf3.read_integer()
2009-08-17 18:26:20,237 DEBUG amf3.read_integer() -- result='5'
2009-08-17 18:26:20,237 DEBUG get_class_def_reference(1) -- {'dynamic': True, 'member_names': [], 'type': '', 'num_of_members': 0, 'externalizable': False}
2009-08-17 18:26:20,239 DEBUG add_object_reference({}) -- index='2'
2009-08-17 18:26:20,239 DEBUG amf3.read_string()
2009-08-17 18:26:20,240 DEBUG amf3.read_integer()
2009-08-17 18:26:20,240 DEBUG amf3.read_integer() -- result='37'
2009-08-17 18:26:20,240 DEBUG add_string_reference('DSMessagingVersion') -- index='11'
2009-08-17 18:26:20,240 DEBUG amf3.read_string() -- result='DSMessagingVersion'
2009-08-17 18:26:20,242 DEBUG read_data()
2009-08-17 18:26:20,242 DEBUG AMF3 Type='4'
2009-08-17 18:26:20,243 DEBUG amf3.read_integer()
2009-08-17 18:26:20,243 DEBUG amf3.read_integer() -- result='1'
2009-08-17 18:26:20,243 DEBUG amf3.read_string()
2009-08-17 18:26:20,243 DEBUG amf3.read_integer()
2009-08-17 18:26:20,244 DEBUG amf3.read_integer() -- result='9'
2009-08-17 18:26:20,244 DEBUG add_string_reference('DSId') -- index='12'
2009-08-17 18:26:20,246 DEBUG amf3.read_string() -- result='DSId'
2009-08-17 18:26:20,246 DEBUG read_data()
2009-08-17 18:26:20,246 DEBUG AMF3 Type='6'
2009-08-17 18:26:20,246 DEBUG amf3.read_string()
2009-08-17 18:26:20,247 DEBUG amf3.read_integer()
2009-08-17 18:26:20,247 DEBUG amf3.read_integer() -- result='7'
2009-08-17 18:26:20,249 DEBUG add_string_reference('nil') -- index='13'
2009-08-17 18:26:20,249 DEBUG amf3.read_string() -- result='nil'
2009-08-17 18:26:20,250 DEBUG amf3.read_string()
2009-08-17 18:26:20,250 DEBUG amf3.read_integer()
2009-08-17 18:26:20,250 DEBUG amf3.read_integer() -- result='1'
2009-08-17 18:26:20,250 DEBUG classcast(, {'DSMessagingVersion': 1, 'DSId': 'nil', '_explicitType': ''})
2009-08-17 18:26:20,252 DEBUG get_class() -- module='', class=''
2009-08-17 18:26:20,252 DEBUG read_data()
2009-08-17 18:26:20,253 DEBUG AMF3 Type='1'
2009-08-17 18:26:20,253 DEBUG read_data()
2009-08-17 18:26:20,253 DEBUG AMF3 Type='4'
2009-08-17 18:26:20,253 DEBUG amf3.read_integer()
2009-08-17 18:26:20,255 DEBUG amf3.read_integer() -- result='0'
2009-08-17 18:26:20,255 DEBUG read_data()
2009-08-17 18:26:20,256 DEBUG AMF3 Type='4'
2009-08-17 18:26:20,256 DEBUG amf3.read_integer()
2009-08-17 18:26:20,256 DEBUG amf3.read_integer() -- result='0'
2009-08-17 18:26:20,256 DEBUG read_data()
2009-08-17 18:26:20,257 DEBUG AMF3 Type='6'
2009-08-17 18:26:20,257 DEBUG amf3.read_string()
2009-08-17 18:26:20,259 DEBUG amf3.read_integer()
2009-08-17 18:26:20,259 DEBUG amf3.read_integer() -- result='1'
2009-08-17 18:26:20,259 DEBUG classcast(flex.messaging.messages.CommandMessage, {'body': {'_explicitType': ''}, 'timestamp': 0, 'destination': '', 'clientId': None, 'headers': {'DSMessagingVersion': 1, 'DSId': 'nil', '_explicitType': ''}, 'timeToLive': 0, '_explicitType': 'flex.messaging.messages.CommandMessage', 'messageId': '4196E0F9-CCBA-F154-3467-2B1C9AC1DFEE', 'operation': 5, 'correlationId': ''})
2009-08-17 18:26:20,259 DEBUG get_class(amf.messaging.CommandMessage) -- module='amf.messaging', class='CommandMessage'
2009-08-17 18:26:20,262 DEBUG amf0.write_int(3)
2009-08-17 18:26:20,263 DEBUG amf0.write_int(0)
2009-08-17 18:26:20,263 DEBUG amf0.write_int(1)
2009-08-17 18:26:20,263 DEBUG amf0.write_utf('/1/onResult')
2009-08-17 18:26:20,263 DEBUG amf0.write_int(11)
2009-08-17 18:26:20,265 DEBUG amf0.write_utf('null')
2009-08-17 18:26:20,265 DEBUG amf0.write_int(4)
2009-08-17 18:26:20,266 DEBUG amf0.write_byte(17)
2009-08-17 18:26:20,266 DEBUG amf3._write_data(<amf.messaging.AcknowledgeMessage object at 0x0306B550>)
2009-08-17 18:26:20,267 DEBUG amf3.write_object(<amf.messaging.AcknowledgeMessage object at 0x0306B550>)
2009-08-17 18:26:20,269 DEBUG amf0.write_byte(10)
2009-08-17 18:26:20,269 DEBUG add_object_reference(<amf.messaging.AcknowledgeMessage object at 0x0306B550>) -- index='0'
2009-08-17 18:26:20,269 DEBUG add_class_def_reference({'dynamic': False, 'member_names': ['body', 'timestamp', 'destination', 'clientId', 'headers', 'timeToLive', 'messageId', 'correlationId'], 'type': 'flex.messaging.messages.AcknowledgeMessage', 'num_of_members': 8, 'externalizable': False}) -- index='0'
2009-08-17 18:26:20,269 DEBUG amf3._write_integer(131)
2009-08-17 18:26:20,270 DEBUG amf0.write_byte(129)
2009-08-17 18:26:20,270 DEBUG amf0.write_byte(3)
2009-08-17 18:26:20,272 DEBUG amf3._write_string('flex.messaging.messages.AcknowledgeMessage')
2009-08-17 18:26:20,273 DEBUG amf3._write_integer(85)
2009-08-17 18:26:20,273 DEBUG amf0.write_byte(85)
2009-08-17 18:26:20,273 DEBUG add_string_reference('flex.messaging.messages.AcknowledgeMessage') -- index='0'
2009-08-17 18:26:20,273 DEBUG amf3._write_string('body')
2009-08-17 18:26:20,275 DEBUG amf3._write_integer(9)
2009-08-17 18:26:20,275 DEBUG amf0.write_byte(9)
2009-08-17 18:26:20,276 DEBUG add_string_reference('body') -- index='1'
2009-08-17 18:26:20,276 DEBUG amf3._write_string('timestamp')
2009-08-17 18:26:20,276 DEBUG amf3._write_integer(19)
2009-08-17 18:26:20,276 DEBUG amf0.write_byte(19)
2009-08-17 18:26:20,276 DEBUG add_string_reference('timestamp') -- index='2'
2009-08-17 18:26:20,278 DEBUG amf3._write_string('destination')
2009-08-17 18:26:20,278 DEBUG amf3._write_integer(23)
2009-08-17 18:26:20,279 DEBUG amf0.write_byte(23)
2009-08-17 18:26:20,279 DEBUG add_string_reference('destination') -- index='3'
2009-08-17 18:26:20,279 DEBUG amf3._write_string('clientId')
2009-08-17 18:26:20,279 DEBUG amf3._write_integer(17)
2009-08-17 18:26:20,280 DEBUG amf0.write_byte(17)
2009-08-17 18:26:20,280 DEBUG add_string_reference('clientId') -- index='4'
2009-08-17 18:26:20,282 DEBUG amf3._write_string('headers')
2009-08-17 18:26:20,282 DEBUG amf3._write_integer(15)
2009-08-17 18:26:20,282 DEBUG amf0.write_byte(15)
2009-08-17 18:26:20,283 DEBUG add_string_reference('headers') -- index='5'
2009-08-17 18:26:20,283 DEBUG amf3._write_string('timeToLive')
2009-08-17 18:26:20,285 DEBUG amf3._write_integer(21)
2009-08-17 18:26:20,285 DEBUG amf0.write_byte(21)
2009-08-17 18:26:20,285 DEBUG add_string_reference('timeToLive') -- index='6'
2009-08-17 18:26:20,286 DEBUG amf3._write_string('messageId')
2009-08-17 18:26:20,286 DEBUG amf3._write_integer(19)
2009-08-17 18:26:20,286 DEBUG amf0.write_byte(19)
2009-08-17 18:26:20,286 DEBUG add_string_reference('messageId') -- index='7'
2009-08-17 18:26:20,288 DEBUG amf3._write_string('correlationId')
2009-08-17 18:26:20,289 DEBUG amf3._write_integer(27)
2009-08-17 18:26:20,289 DEBUG amf0.write_byte(27)
2009-08-17 18:26:20,289 DEBUG add_string_reference('correlationId') -- index='8'
2009-08-17 18:26:20,289 DEBUG amf3._write_data({})
2009-08-17 18:26:20,290 DEBUG amf3.write_dynamice_object({})
2009-08-17 18:26:20,290 DEBUG amf0.write_byte(10)
2009-08-17 18:26:20,292 DEBUG add_object_reference({}) -- index='1'
2009-08-17 18:26:20,292 DEBUG add_class_def_reference({'dynamic': True, 'member_names': [], 'type': '', 'num_of_members': 0, 'externalizable': False}) -- index='1'
2009-08-17 18:26:20,292 DEBUG amf0.write_byte(11)
2009-08-17 18:26:20,292 DEBUG amf3._write_string('')
2009-08-17 18:26:20,293 DEBUG amf3.write_null()
2009-08-17 18:26:20,293 DEBUG amf0.write_byte(1)
2009-08-17 18:26:20,295 DEBUG amf3._write_string('')
2009-08-17 18:26:20,295 DEBUG amf3.write_null()
2009-08-17 18:26:20,296 DEBUG amf0.write_byte(1)
2009-08-17 18:26:20,296 DEBUG amf3._write_data(1250558780000.0)
2009-08-17 18:26:20,296 DEBUG amf0.write_byte(5)
2009-08-17 18:26:20,296 DEBUG amf0.write_double(1250558780000.0)
2009-08-17 18:26:20,298 DEBUG amf3._write_data('')
2009-08-17 18:26:20,298 DEBUG amf0.write_byte(6)
2009-08-17 18:26:20,299 DEBUG amf3._write_string('')
2009-08-17 18:26:20,299 DEBUG amf3.write_null()
2009-08-17 18:26:20,299 DEBUG amf0.write_byte(1)
2009-08-17 18:26:20,299 DEBUG amf3._write_data(None)
2009-08-17 18:26:20,301 DEBUG amf3.write_null()
2009-08-17 18:26:20,301 DEBUG amf0.write_byte(1)
2009-08-17 18:26:20,302 DEBUG amf3._write_data({})
2009-08-17 18:26:20,302 DEBUG amf3.write_dynamice_object({})
2009-08-17 18:26:20,302 DEBUG amf0.write_byte(10)
2009-08-17 18:26:20,302 DEBUG amf3._write_integer(2)
2009-08-17 18:26:20,303 DEBUG amf0.write_byte(2)
2009-08-17 18:26:20,303 DEBUG amf3._write_data(0)
2009-08-17 18:26:20,305 DEBUG amf0.write_byte(4)
2009-08-17 18:26:20,305 DEBUG amf3._write_integer(0)
2009-08-17 18:26:20,305 DEBUG amf0.write_byte(0)
2009-08-17 18:26:20,305 DEBUG amf3._write_data(None)
2009-08-17 18:26:20,306 DEBUG amf3.write_null()
2009-08-17 18:26:20,306 DEBUG amf0.write_byte(1)
2009-08-17 18:26:20,308 DEBUG amf3._write_data('4196E0F9-CCBA-F154-3467-2B1C9AC1DFEE')
2009-08-17 18:26:20,308 DEBUG amf0.write_byte(6)
2009-08-17 18:26:20,309 DEBUG amf3._write_string('4196E0F9-CCBA-F154-3467-2B1C9AC1DFEE')
2009-08-17 18:26:20,309 DEBUG amf3._write_integer(73)
2009-08-17 18:26:20,311 DEBUG amf0.write_byte(73)
2009-08-17 18:26:20,311 DEBUG add_string_reference('4196E0F9-CCBA-F154-3467-2B1C9AC1DFEE') -- index='9'
2009-08-17 18:26:20,312 DEBUG amf0.write_long(185)
2009-08-17 18:26:20,443 DEBUG AMF Type='10'
2009-08-17 18:26:20,444 DEBUG read_data()
2009-08-17 18:26:20,444 DEBUG AMF3 Type='10'
2009-08-17 18:26:20,444 DEBUG amf3.read_integer()
2009-08-17 18:26:20,446 DEBUG amf3.read_integer() -- result='147'
2009-08-17 18:26:20,446 DEBUG amf3.read_string()
2009-08-17 18:26:20,447 DEBUG amf3.read_integer()
2009-08-17 18:26:20,447 DEBUG amf3.read_integer() -- result='79'
2009-08-17 18:26:20,447 DEBUG add_string_reference('flex.messaging.messages.RemotingMessage') -- index='0'
2009-08-17 18:26:20,447 DEBUG amf3.read_string() -- result='flex.messaging.messages.RemotingMessage'
2009-08-17 18:26:20,448 DEBUG amf3.read_string()
2009-08-17 18:26:20,448 DEBUG amf3.read_integer()
2009-08-17 18:26:20,450 DEBUG amf3.read_integer() -- result='19'
2009-08-17 18:26:20,450 DEBUG add_string_reference('operation') -- index='1'
2009-08-17 18:26:20,450 DEBUG amf3.read_string() -- result='operation'
2009-08-17 18:26:20,450 DEBUG amf3.read_string()
2009-08-17 18:26:20,451 DEBUG amf3.read_integer()
2009-08-17 18:26:20,451 DEBUG amf3.read_integer() -- result='13'
2009-08-17 18:26:20,453 DEBUG add_string_reference('source') -- index='2'
2009-08-17 18:26:20,453 DEBUG amf3.read_string() -- result='source'
2009-08-17 18:26:20,453 DEBUG amf3.read_string()
2009-08-17 18:26:20,453 DEBUG amf3.read_integer()
2009-08-17 18:26:20,453 DEBUG amf3.read_integer() -- result='19'
2009-08-17 18:26:20,454 DEBUG add_string_reference('messageId') -- index='3'
2009-08-17 18:26:20,454 DEBUG amf3.read_string() -- result='messageId'
2009-08-17 18:26:20,456 DEBUG amf3.read_string()
2009-08-17 18:26:20,456 DEBUG amf3.read_integer()
2009-08-17 18:26:20,457 DEBUG amf3.read_integer() -- result='9'
2009-08-17 18:26:20,457 DEBUG add_string_reference('body') -- index='4'
2009-08-17 18:26:20,457 DEBUG amf3.read_string() -- result='body'
2009-08-17 18:26:20,457 DEBUG amf3.read_string()
2009-08-17 18:26:20,459 DEBUG amf3.read_integer()
2009-08-17 18:26:20,459 DEBUG amf3.read_integer() -- result='15'
2009-08-17 18:26:20,460 DEBUG add_string_reference('headers') -- index='5'
2009-08-17 18:26:20,460 DEBUG amf3.read_string() -- result='headers'
2009-08-17 18:26:20,460 DEBUG amf3.read_string()
2009-08-17 18:26:20,460 DEBUG amf3.read_integer()
2009-08-17 18:26:20,461 DEBUG amf3.read_integer() -- result='17'
2009-08-17 18:26:20,461 DEBUG add_string_reference('clientId') -- index='6'
2009-08-17 18:26:20,461 DEBUG amf3.read_string() -- result='clientId'
2009-08-17 18:26:20,463 DEBUG amf3.read_string()
2009-08-17 18:26:20,463 DEBUG amf3.read_integer()
2009-08-17 18:26:20,463 DEBUG amf3.read_integer() -- result='21'
2009-08-17 18:26:20,463 DEBUG add_string_reference('timeToLive') -- index='7'
2009-08-17 18:26:20,464 DEBUG amf3.read_string() -- result='timeToLive'
2009-08-17 18:26:20,464 DEBUG amf3.read_string()
2009-08-17 18:26:20,466 DEBUG amf3.read_integer()
2009-08-17 18:26:20,466 DEBUG amf3.read_integer() -- result='19'
2009-08-17 18:26:20,467 DEBUG add_string_reference('timestamp') -- index='8'
2009-08-17 18:26:20,467 DEBUG amf3.read_string() -- result='timestamp'
2009-08-17 18:26:20,467 DEBUG amf3.read_string()
2009-08-17 18:26:20,467 DEBUG amf3.read_integer()
2009-08-17 18:26:20,469 DEBUG amf3.read_integer() -- result='23'
2009-08-17 18:26:20,469 DEBUG add_string_reference('destination') -- index='9'
2009-08-17 18:26:20,470 DEBUG amf3.read_string() -- result='destination'
2009-08-17 18:26:20,470 DEBUG Class Definition={'dynamic': False, 'member_names': ['operation', 'source', 'messageId', 'body', 'headers', 'clientId', 'timeToLive', 'timestamp', 'destination'], 'type': 'flex.messaging.messages.RemotingMessage', 'num_of_members': 9, 'externalizable': False}
2009-08-17 18:26:20,470 DEBUG add_class_def_reference({'dynamic': False, 'member_names': ['operation', 'source', 'messageId', 'body', 'headers', 'clientId', 'timeToLive', 'timestamp', 'destination'], 'type': 'flex.messaging.messages.RemotingMessage', 'num_of_members': 9, 'externalizable': False}) -- index='0'
2009-08-17 18:26:20,470 DEBUG add_object_reference({}) -- index='0'
2009-08-17 18:26:20,471 DEBUG read_data()
2009-08-17 18:26:20,471 DEBUG AMF3 Type='6'
2009-08-17 18:26:20,471 DEBUG amf3.read_string()
2009-08-17 18:26:20,473 DEBUG amf3.read_integer()
2009-08-17 18:26:20,473 DEBUG amf3.read_integer() -- result='1'
2009-08-17 18:26:20,473 DEBUG read_data()
2009-08-17 18:26:20,473 DEBUG AMF3 Type='1'
2009-08-17 18:26:20,474 DEBUG read_data()
2009-08-17 18:26:20,474 DEBUG AMF3 Type='6'
2009-08-17 18:26:20,476 DEBUG amf3.read_string()
2009-08-17 18:26:20,476 DEBUG amf3.read_integer()
2009-08-17 18:26:20,476 DEBUG amf3.read_integer() -- result='73'
2009-08-17 18:26:20,477 DEBUG add_string_reference('81B295EF-2D7A-C6A5-B763-2B1C9AB30849') -- index='10'
2009-08-17 18:26:20,477 DEBUG amf3.read_string() -- result='81B295EF-2D7A-C6A5-B763-2B1C9AB30849'
2009-08-17 18:26:20,479 DEBUG read_data()
2009-08-17 18:26:20,479 DEBUG AMF3 Type='9'
2009-08-17 18:26:20,480 DEBUG amf3.read_array()
2009-08-17 18:26:20,480 DEBUG amf3.read_integer()
2009-08-17 18:26:20,480 DEBUG amf3.read_integer() -- result='3'
2009-08-17 18:26:20,480 DEBUG amf3.read_array() -- count='1'
2009-08-17 18:26:20,482 DEBUG add_object_reference(None) -- index='1'
2009-08-17 18:26:20,482 DEBUG read_data()
2009-08-17 18:26:20,483 DEBUG AMF3 Type='1'
2009-08-17 18:26:20,483 DEBUG amf3.read_array() -- key=None
2009-08-17 18:26:20,483 DEBUG read_data()
2009-08-17 18:26:20,483 DEBUG AMF3 Type='9'
2009-08-17 18:26:20,484 DEBUG amf3.read_array()
2009-08-17 18:26:20,484 DEBUG amf3.read_integer()
2009-08-17 18:26:20,486 DEBUG amf3.read_integer() -- result='1'
2009-08-17 18:26:20,486 DEBUG amf3.read_array() -- count='0'
2009-08-17 18:26:20,486 DEBUG add_object_reference(None) -- index='2'
2009-08-17 18:26:20,486 DEBUG read_data()
2009-08-17 18:26:20,487 DEBUG AMF3 Type='1'
2009-08-17 18:26:20,487 DEBUG amf3.read_array() -- key=None
2009-08-17 18:26:20,489 DEBUG amf3.read_array() -- [0]=[]
2009-08-17 18:26:20,489 DEBUG read_data()
2009-08-17 18:26:20,490 DEBUG AMF3 Type='10'
2009-08-17 18:26:20,490 DEBUG amf3.read_integer()
2009-08-17 18:26:20,490 DEBUG amf3.read_integer() -- result='11'
2009-08-17 18:26:20,490 DEBUG amf3.read_string()
2009-08-17 18:26:20,492 DEBUG amf3.read_integer()
2009-08-17 18:26:20,492 DEBUG amf3.read_integer() -- result='1'
2009-08-17 18:26:20,492 DEBUG Class Definition={'dynamic': True, 'member_names': [], 'type': '', 'num_of_members': 0, 'externalizable': False}
2009-08-17 18:26:20,493 DEBUG add_class_def_reference({'dynamic': True, 'member_names': [], 'type': '', 'num_of_members': 0, 'externalizable': False}) -- index='1'
2009-08-17 18:26:20,493 DEBUG add_object_reference({}) -- index='3'
2009-08-17 18:26:20,493 DEBUG amf3.read_string()
2009-08-17 18:26:20,493 DEBUG amf3.read_integer()
2009-08-17 18:26:20,494 DEBUG amf3.read_integer() -- result='21'
2009-08-17 18:26:20,494 DEBUG add_string_reference('DSEndpoint') -- index='11'
2009-08-17 18:26:20,496 DEBUG amf3.read_string() -- result='DSEndpoint'
2009-08-17 18:26:20,496 DEBUG read_data()
2009-08-17 18:26:20,496 DEBUG AMF3 Type='1'
2009-08-17 18:26:20,496 DEBUG amf3.read_string()
2009-08-17 18:26:20,497 DEBUG amf3.read_integer()
2009-08-17 18:26:20,497 DEBUG amf3.read_integer() -- result='9'
2009-08-17 18:26:20,499 DEBUG add_string_reference('DSId') -- index='12'
2009-08-17 18:26:20,499 DEBUG amf3.read_string() -- result='DSId'
2009-08-17 18:26:20,500 DEBUG read_data()
2009-08-17 18:26:20,500 DEBUG AMF3 Type='6'
2009-08-17 18:26:20,500 DEBUG amf3.read_string()
2009-08-17 18:26:20,502 DEBUG amf3.read_integer()
2009-08-17 18:26:20,503 DEBUG amf3.read_integer() -- result='7'
2009-08-17 18:26:20,503 DEBUG add_string_reference('nil') -- index='13'
2009-08-17 18:26:20,503 DEBUG amf3.read_string() -- result='nil'
2009-08-17 18:26:20,503 DEBUG amf3.read_string()
2009-08-17 18:26:20,505 DEBUG amf3.read_integer()
2009-08-17 18:26:20,505 DEBUG amf3.read_integer() -- result='1'
2009-08-17 18:26:20,506 DEBUG classcast(, {'DSId': 'nil', '_explicitType': '', 'DSEndpoint': None})
2009-08-17 18:26:20,506 DEBUG get_class() -- module='', class=''
2009-08-17 18:26:20,506 DEBUG read_data()
2009-08-17 18:26:20,506 DEBUG AMF3 Type='1'
2009-08-17 18:26:20,507 DEBUG read_data()
2009-08-17 18:26:20,507 DEBUG AMF3 Type='4'
2009-08-17 18:26:20,509 DEBUG amf3.read_integer()
2009-08-17 18:26:20,512 DEBUG amf3.read_integer() -- result='0'
2009-08-17 18:26:20,512 DEBUG read_data()
2009-08-17 18:26:20,513 DEBUG AMF3 Type='4'
2009-08-17 18:26:20,513 DEBUG amf3.read_integer()
2009-08-17 18:26:20,513 DEBUG amf3.read_integer() -- result='0'
2009-08-17 18:26:20,513 DEBUG read_data()
2009-08-17 18:26:20,515 DEBUG AMF3 Type='6'
2009-08-17 18:26:20,516 DEBUG amf3.read_string()
2009-08-17 18:26:20,516 DEBUG amf3.read_integer()
2009-08-17 18:26:20,516 DEBUG amf3.read_integer() -- result='37'
2009-08-17 18:26:20,516 DEBUG add_string_reference('getCurrentDatetime') -- index='14'
2009-08-17 18:26:20,516 DEBUG amf3.read_string() -- result='getCurrentDatetime'
2009-08-17 18:26:20,517 DEBUG classcast(flex.messaging.messages.RemotingMessage, {'body': [[]], 'headers': {'DSId': 'nil', '_explicitType': '', 'DSEndpoint': None}, 'timestamp': 0, 'destination': 'getCurrentDatetime', 'clientId': None, 'source': None, 'timeToLive': 0, 'messageId': '81B295EF-2D7A-C6A5-B763-2B1C9AB30849', 'operation': '', '_explicitType': 'flex.messaging.messages.RemotingMessage'})
2009-08-17 18:26:20,519 DEBUG get_class(amf.messaging.RemotingMessage) -- module='amf.messaging', class='RemotingMessage'
2009-08-17 18:26:21,380 DEBUG amf0.write_int(3)
2009-08-17 18:26:21,380 DEBUG amf0.write_int(0)
2009-08-17 18:26:21,381 DEBUG amf0.write_int(1)
2009-08-17 18:26:21,381 DEBUG amf0.write_utf('/2/onResult')
2009-08-17 18:26:21,381 DEBUG amf0.write_int(11)
2009-08-17 18:26:21,381 DEBUG amf0.write_utf('null')
2009-08-17 18:26:21,382 DEBUG amf0.write_int(4)
2009-08-17 18:26:21,382 DEBUG amf0.write_byte(17)
2009-08-17 18:26:21,384 DEBUG amf3._write_data(<amf.messaging.AcknowledgeMessage object at 0x033282F0>)
2009-08-17 18:26:21,384 DEBUG amf3.write_object(<amf.messaging.AcknowledgeMessage object at 0x033282F0>)
2009-08-17 18:26:21,384 DEBUG amf0.write_byte(10)
2009-08-17 18:26:21,384 DEBUG add_object_reference(<amf.messaging.AcknowledgeMessage object at 0x033282F0>) -- index='0'
2009-08-17 18:26:21,385 DEBUG add_class_def_reference({'dynamic': False, 'member_names': ['body', 'timestamp', 'destination', 'clientId', 'headers', 'timeToLive', 'messageId', 'correlationId'], 'type': 'flex.messaging.messages.AcknowledgeMessage', 'num_of_members': 8, 'externalizable': False}) -- index='0'
2009-08-17 18:26:21,385 DEBUG amf3._write_integer(131)
2009-08-17 18:26:21,387 DEBUG amf0.write_byte(129)
2009-08-17 18:26:21,387 DEBUG amf0.write_byte(3)
2009-08-17 18:26:21,388 DEBUG amf3._write_string('flex.messaging.messages.AcknowledgeMessage')
2009-08-17 18:26:21,388 DEBUG amf3._write_integer(85)
2009-08-17 18:26:21,388 DEBUG amf0.write_byte(85)
2009-08-17 18:26:21,388 DEBUG add_string_reference('flex.messaging.messages.AcknowledgeMessage') -- index='0'
2009-08-17 18:26:21,390 DEBUG amf3._write_string('body')
2009-08-17 18:26:21,390 DEBUG amf3._write_integer(9)
2009-08-17 18:26:21,390 DEBUG amf0.write_byte(9)
2009-08-17 18:26:21,391 DEBUG add_string_reference('body') -- index='1'
2009-08-17 18:26:21,391 DEBUG amf3._write_string('timestamp')
2009-08-17 18:26:21,391 DEBUG amf3._write_integer(19)
2009-08-17 18:26:21,391 DEBUG amf0.write_byte(19)
2009-08-17 18:26:21,392 DEBUG add_string_reference('timestamp') -- index='2'
2009-08-17 18:26:21,392 DEBUG amf3._write_string('destination')
2009-08-17 18:26:21,394 DEBUG amf3._write_integer(23)
2009-08-17 18:26:21,394 DEBUG amf0.write_byte(23)
2009-08-17 18:26:21,394 DEBUG add_string_reference('destination') -- index='3'
2009-08-17 18:26:21,395 DEBUG amf3._write_string('clientId')
2009-08-17 18:26:21,397 DEBUG amf3._write_integer(17)
2009-08-17 18:26:21,397 DEBUG amf0.write_byte(17)
2009-08-17 18:26:21,398 DEBUG add_string_reference('clientId') -- index='4'
2009-08-17 18:26:21,398 DEBUG amf3._write_string('headers')
2009-08-17 18:26:21,398 DEBUG amf3._write_integer(15)
2009-08-17 18:26:21,398 DEBUG amf0.write_byte(15)
2009-08-17 18:26:21,400 DEBUG add_string_reference('headers') -- index='5'
2009-08-17 18:26:21,400 DEBUG amf3._write_string('timeToLive')
2009-08-17 18:26:21,401 DEBUG amf3._write_integer(21)
2009-08-17 18:26:21,401 DEBUG amf0.write_byte(21)
2009-08-17 18:26:21,401 DEBUG add_string_reference('timeToLive') -- index='6'
2009-08-17 18:26:21,403 DEBUG amf3._write_string('messageId')
2009-08-17 18:26:21,404 DEBUG amf3._write_integer(19)
2009-08-17 18:26:21,404 DEBUG amf0.write_byte(19)
2009-08-17 18:26:21,404 DEBUG add_string_reference('messageId') -- index='7'
2009-08-17 18:26:21,404 DEBUG amf3._write_string('correlationId')
2009-08-17 18:26:21,405 DEBUG amf3._write_integer(27)
2009-08-17 18:26:21,405 DEBUG amf0.write_byte(27)
2009-08-17 18:26:21,407 DEBUG add_string_reference('correlationId') -- index='8'
2009-08-17 18:26:21,407 DEBUG amf3._write_data(datetime.datetime(2009, 8, 17, 18, 26, 21, 379000))
2009-08-17 18:26:21,407 DEBUG amf3.write_date(datetime.datetime(2009, 8, 17, 18, 26, 21, 379000))
2009-08-17 18:26:21,407 DEBUG amf0.write_byte(8)
2009-08-17 18:26:21,408 DEBUG amf3._write_integer(1)
2009-08-17 18:26:21,408 DEBUG amf0.write_byte(1)
2009-08-17 18:26:21,410 DEBUG amf0.write_double(1250558781000.0)
2009-08-17 18:26:21,410 DEBUG add_object_reference(datetime.datetime(2009, 8, 17, 18, 26, 21, 379000)) -- index='1'
2009-08-17 18:26:21,410 DEBUG amf3._write_data(1250558781000.0)
2009-08-17 18:26:21,411 DEBUG amf0.write_byte(5)
2009-08-17 18:26:21,411 DEBUG amf0.write_double(1250558781000.0)
2009-08-17 18:26:21,411 DEBUG amf3._write_data('')
2009-08-17 18:26:21,413 DEBUG amf0.write_byte(6)
2009-08-17 18:26:21,413 DEBUG amf3._write_string('')
2009-08-17 18:26:21,414 DEBUG amf3.write_null()
2009-08-17 18:26:21,414 DEBUG amf0.write_byte(1)
2009-08-17 18:26:21,414 DEBUG amf3._write_data(None)
2009-08-17 18:26:21,414 DEBUG amf3.write_null()
2009-08-17 18:26:21,415 DEBUG amf0.write_byte(1)
2009-08-17 18:26:21,415 DEBUG amf3._write_data({})
2009-08-17 18:26:21,417 DEBUG amf3.write_dynamice_object({})
2009-08-17 18:26:21,417 DEBUG amf0.write_byte(10)
2009-08-17 18:26:21,417 DEBUG add_object_reference({}) -- index='2'
2009-08-17 18:26:21,417 DEBUG add_class_def_reference({'dynamic': True, 'member_names': [], 'type': '', 'num_of_members': 0, 'externalizable': False}) -- index='1'
2009-08-17 18:26:21,418 DEBUG amf0.write_byte(11)
2009-08-17 18:26:21,418 DEBUG amf3._write_string('')
2009-08-17 18:26:21,420 DEBUG amf3.write_null()
2009-08-17 18:26:21,420 DEBUG amf0.write_byte(1)
2009-08-17 18:26:21,420 DEBUG amf3._write_string('')
2009-08-17 18:26:21,421 DEBUG amf3.write_null()
2009-08-17 18:26:21,421 DEBUG amf0.write_byte(1)
2009-08-17 18:26:21,421 DEBUG amf3._write_data(0)
2009-08-17 18:26:21,423 DEBUG amf0.write_byte(4)
2009-08-17 18:26:21,424 DEBUG amf3._write_integer(0)
2009-08-17 18:26:21,424 DEBUG amf0.write_byte(0)
2009-08-17 18:26:21,424 DEBUG amf3._write_data(None)
2009-08-17 18:26:21,424 DEBUG amf3.write_null()
2009-08-17 18:26:21,426 DEBUG amf0.write_byte(1)
2009-08-17 18:26:21,426 DEBUG amf3._write_data('81B295EF-2D7A-C6A5-B763-2B1C9AB30849')
2009-08-17 18:26:21,427 DEBUG amf0.write_byte(6)
2009-08-17 18:26:21,427 DEBUG amf3._write_string('81B295EF-2D7A-C6A5-B763-2B1C9AB30849')
2009-08-17 18:26:21,427 DEBUG amf3._write_integer(73)
2009-08-17 18:26:21,427 DEBUG amf0.write_byte(73)
2009-08-17 18:26:21,428 DEBUG add_string_reference('81B295EF-2D7A-C6A5-B763-2B1C9AB30849') -- index='9'
2009-08-17 18:26:21,428 DEBUG amf0.write_long(193)
