2009-08-17 18:39:13,867 INFO Start the vyperlogix.django.cherryPy.djangocerise server on 127.0.0.1:8888 logging to Z:\python projects\_django-projects\@projects\amfsample\django\djangocerise_1_2\logs\webserver_2009-08-17_183913_127_0_0_1_8888.log
2009-08-17 18:46:53,562 DEBUG AMFMiddleware was initialized.
2009-08-17 18:46:53,677 DEBUG AMF Type='10'
2009-08-17 18:46:53,709 DEBUG read_data()
2009-08-17 18:46:53,710 DEBUG AMF3 Type='10'
2009-08-17 18:46:53,710 DEBUG amf3.read_integer()
2009-08-17 18:46:53,710 DEBUG amf3.read_integer() -- result='147'
2009-08-17 18:46:53,710 DEBUG amf3.read_string()
2009-08-17 18:46:53,711 DEBUG amf3.read_integer()
2009-08-17 18:46:53,711 DEBUG amf3.read_integer() -- result='77'
2009-08-17 18:46:53,713 DEBUG add_string_reference('flex.messaging.messages.CommandMessage') -- index='0'
2009-08-17 18:46:53,713 DEBUG amf3.read_string() -- result='flex.messaging.messages.CommandMessage'
2009-08-17 18:46:53,713 DEBUG amf3.read_string()
2009-08-17 18:46:53,713 DEBUG amf3.read_integer()
2009-08-17 18:46:53,714 DEBUG amf3.read_integer() -- result='19'
2009-08-17 18:46:53,714 DEBUG add_string_reference('operation') -- index='1'
2009-08-17 18:46:53,716 DEBUG amf3.read_string() -- result='operation'
2009-08-17 18:46:53,716 DEBUG amf3.read_string()
2009-08-17 18:46:53,716 DEBUG amf3.read_integer()
2009-08-17 18:46:53,717 DEBUG amf3.read_integer() -- result='27'
2009-08-17 18:46:53,717 DEBUG add_string_reference('correlationId') -- index='2'
2009-08-17 18:46:53,717 DEBUG amf3.read_string() -- result='correlationId'
2009-08-17 18:46:53,717 DEBUG amf3.read_string()
2009-08-17 18:46:53,719 DEBUG amf3.read_integer()
2009-08-17 18:46:53,719 DEBUG amf3.read_integer() -- result='15'
2009-08-17 18:46:53,720 DEBUG add_string_reference('headers') -- index='3'
2009-08-17 18:46:53,720 DEBUG amf3.read_string() -- result='headers'
2009-08-17 18:46:53,720 DEBUG amf3.read_string()
2009-08-17 18:46:53,720 DEBUG amf3.read_integer()
2009-08-17 18:46:53,721 DEBUG amf3.read_integer() -- result='17'
2009-08-17 18:46:53,721 DEBUG add_string_reference('clientId') -- index='4'
2009-08-17 18:46:53,721 DEBUG amf3.read_string() -- result='clientId'
2009-08-17 18:46:53,723 DEBUG amf3.read_string()
2009-08-17 18:46:53,723 DEBUG amf3.read_integer()
2009-08-17 18:46:53,723 DEBUG amf3.read_integer() -- result='21'
2009-08-17 18:46:53,723 DEBUG add_string_reference('timeToLive') -- index='5'
2009-08-17 18:46:53,724 DEBUG amf3.read_string() -- result='timeToLive'
2009-08-17 18:46:53,724 DEBUG amf3.read_string()
2009-08-17 18:46:53,726 DEBUG amf3.read_integer()
2009-08-17 18:46:53,726 DEBUG amf3.read_integer() -- result='19'
2009-08-17 18:46:53,726 DEBUG add_string_reference('timestamp') -- index='6'
2009-08-17 18:46:53,726 DEBUG amf3.read_string() -- result='timestamp'
2009-08-17 18:46:53,726 DEBUG amf3.read_string()
2009-08-17 18:46:53,727 DEBUG amf3.read_integer()
2009-08-17 18:46:53,727 DEBUG amf3.read_integer() -- result='23'
2009-08-17 18:46:53,729 DEBUG add_string_reference('destination') -- index='7'
2009-08-17 18:46:53,729 DEBUG amf3.read_string() -- result='destination'
2009-08-17 18:46:53,730 DEBUG amf3.read_string()
2009-08-17 18:46:53,730 DEBUG amf3.read_integer()
2009-08-17 18:46:53,730 DEBUG amf3.read_integer() -- result='19'
2009-08-17 18:46:53,730 DEBUG add_string_reference('messageId') -- index='8'
2009-08-17 18:46:53,732 DEBUG amf3.read_string() -- result='messageId'
2009-08-17 18:46:53,732 DEBUG amf3.read_string()
2009-08-17 18:46:53,733 DEBUG amf3.read_integer()
2009-08-17 18:46:53,733 DEBUG amf3.read_integer() -- result='9'
2009-08-17 18:46:53,734 DEBUG add_string_reference('body') -- index='9'
2009-08-17 18:46:53,734 DEBUG amf3.read_string() -- result='body'
2009-08-17 18:46:53,736 DEBUG Class Definition={'dynamic': False, 'member_names': ['operation', 'correlationId', 'headers', 'clientId', 'timeToLive', 'timestamp', 'destination', 'messageId', 'body'], 'type': 'flex.messaging.messages.CommandMessage', 'num_of_members': 9, 'externalizable': False}
2009-08-17 18:46:53,736 DEBUG add_class_def_reference({'dynamic': False, 'member_names': ['operation', 'correlationId', 'headers', 'clientId', 'timeToLive', 'timestamp', 'destination', 'messageId', 'body'], 'type': 'flex.messaging.messages.CommandMessage', 'num_of_members': 9, 'externalizable': False}) -- index='0'
2009-08-17 18:46:53,736 DEBUG add_object_reference({}) -- index='0'
2009-08-17 18:46:53,736 DEBUG read_data()
2009-08-17 18:46:53,737 DEBUG AMF3 Type='4'
2009-08-17 18:46:53,737 DEBUG amf3.read_integer()
2009-08-17 18:46:53,739 DEBUG amf3.read_integer() -- result='5'
2009-08-17 18:46:53,739 DEBUG read_data()
2009-08-17 18:46:53,739 DEBUG AMF3 Type='6'
2009-08-17 18:46:53,740 DEBUG amf3.read_string()
2009-08-17 18:46:53,740 DEBUG amf3.read_integer()
2009-08-17 18:46:53,740 DEBUG amf3.read_integer() -- result='1'
2009-08-17 18:46:53,740 DEBUG read_data()
2009-08-17 18:46:53,742 DEBUG AMF3 Type='10'
2009-08-17 18:46:53,742 DEBUG amf3.read_integer()
2009-08-17 18:46:53,743 DEBUG amf3.read_integer() -- result='11'
2009-08-17 18:46:53,743 DEBUG amf3.read_string()
2009-08-17 18:46:53,743 DEBUG amf3.read_integer()
2009-08-17 18:46:53,743 DEBUG amf3.read_integer() -- result='1'
2009-08-17 18:46:53,744 DEBUG Class Definition={'dynamic': True, 'member_names': [], 'type': '', 'num_of_members': 0, 'externalizable': False}
2009-08-17 18:46:53,744 DEBUG add_class_def_reference({'dynamic': True, 'member_names': [], 'type': '', 'num_of_members': 0, 'externalizable': False}) -- index='1'
2009-08-17 18:46:53,746 DEBUG add_object_reference({}) -- index='1'
2009-08-17 18:46:53,746 DEBUG amf3.read_string()
2009-08-17 18:46:53,746 DEBUG amf3.read_integer()
2009-08-17 18:46:53,746 DEBUG amf3.read_integer() -- result='37'
2009-08-17 18:46:53,747 DEBUG add_string_reference('DSMessagingVersion') -- index='10'
2009-08-17 18:46:53,747 DEBUG amf3.read_string() -- result='DSMessagingVersion'
2009-08-17 18:46:53,747 DEBUG read_data()
2009-08-17 18:46:53,749 DEBUG AMF3 Type='4'
2009-08-17 18:46:53,750 DEBUG amf3.read_integer()
2009-08-17 18:46:53,750 DEBUG amf3.read_integer() -- result='1'
2009-08-17 18:46:53,750 DEBUG amf3.read_string()
2009-08-17 18:46:53,750 DEBUG amf3.read_integer()
2009-08-17 18:46:53,752 DEBUG amf3.read_integer() -- result='9'
2009-08-17 18:46:53,752 DEBUG add_string_reference('DSId') -- index='11'
2009-08-17 18:46:53,753 DEBUG amf3.read_string() -- result='DSId'
2009-08-17 18:46:53,753 DEBUG read_data()
2009-08-17 18:46:53,753 DEBUG AMF3 Type='6'
2009-08-17 18:46:53,753 DEBUG amf3.read_string()
2009-08-17 18:46:53,755 DEBUG amf3.read_integer()
2009-08-17 18:46:53,755 DEBUG amf3.read_integer() -- result='7'
2009-08-17 18:46:53,756 DEBUG add_string_reference('nil') -- index='12'
2009-08-17 18:46:53,756 DEBUG amf3.read_string() -- result='nil'
2009-08-17 18:46:53,756 DEBUG amf3.read_string()
2009-08-17 18:46:53,756 DEBUG amf3.read_integer()
2009-08-17 18:46:53,756 DEBUG amf3.read_integer() -- result='1'
2009-08-17 18:46:53,757 DEBUG classcast(, {'DSMessagingVersion': 1, 'DSId': 'nil', '_explicitType': ''})
2009-08-17 18:46:53,757 DEBUG get_class() -- module='', class=''
2009-08-17 18:46:53,759 DEBUG read_data()
2009-08-17 18:46:53,759 DEBUG AMF3 Type='1'
2009-08-17 18:46:53,759 DEBUG read_data()
2009-08-17 18:46:53,759 DEBUG AMF3 Type='4'
2009-08-17 18:46:53,760 DEBUG amf3.read_integer()
2009-08-17 18:46:53,760 DEBUG amf3.read_integer() -- result='0'
2009-08-17 18:46:53,762 DEBUG read_data()
2009-08-17 18:46:53,762 DEBUG AMF3 Type='4'
2009-08-17 18:46:53,763 DEBUG amf3.read_integer()
2009-08-17 18:46:53,763 DEBUG amf3.read_integer() -- result='0'
2009-08-17 18:46:53,763 DEBUG read_data()
2009-08-17 18:46:53,763 DEBUG AMF3 Type='6'
2009-08-17 18:46:53,765 DEBUG amf3.read_string()
2009-08-17 18:46:53,765 DEBUG amf3.read_integer()
2009-08-17 18:46:53,765 DEBUG amf3.read_integer() -- result='1'
2009-08-17 18:46:53,766 DEBUG read_data()
2009-08-17 18:46:53,766 DEBUG AMF3 Type='6'
2009-08-17 18:46:53,766 DEBUG amf3.read_string()
2009-08-17 18:46:53,766 DEBUG amf3.read_integer()
2009-08-17 18:46:53,767 DEBUG amf3.read_integer() -- result='73'
2009-08-17 18:46:53,767 DEBUG add_string_reference('A08A303B-15B4-D426-FFA6-2B2F64D9FA83') -- index='13'
2009-08-17 18:46:53,769 DEBUG amf3.read_string() -- result='A08A303B-15B4-D426-FFA6-2B2F64D9FA83'
2009-08-17 18:46:53,769 DEBUG read_data()
2009-08-17 18:46:53,769 DEBUG AMF3 Type='10'
2009-08-17 18:46:53,769 DEBUG amf3.read_integer()
2009-08-17 18:46:53,770 DEBUG amf3.read_integer() -- result='5'
2009-08-17 18:46:53,770 DEBUG get_class_def_reference(1) -- {'dynamic': True, 'member_names': [], 'type': '', 'num_of_members': 0, 'externalizable': False}
2009-08-17 18:46:53,772 DEBUG add_object_reference({}) -- index='2'
2009-08-17 18:46:53,772 DEBUG amf3.read_string()
2009-08-17 18:46:53,773 DEBUG amf3.read_integer()
2009-08-17 18:46:53,773 DEBUG amf3.read_integer() -- result='1'
2009-08-17 18:46:53,773 DEBUG classcast(, {'_explicitType': ''})
2009-08-17 18:46:53,775 DEBUG get_class() -- module='', class=''
2009-08-17 18:46:53,775 DEBUG classcast(flex.messaging.messages.CommandMessage, {'body': {'_explicitType': ''}, 'timestamp': 0, 'destination': '', 'clientId': None, 'headers': {'DSMessagingVersion': 1, 'DSId': 'nil', '_explicitType': ''}, 'timeToLive': 0, '_explicitType': 'flex.messaging.messages.CommandMessage', 'messageId': 'A08A303B-15B4-D426-FFA6-2B2F64D9FA83', 'operation': 5, 'correlationId': ''})
2009-08-17 18:46:53,776 DEBUG get_class(amf.messaging.CommandMessage) -- module='amf.messaging', class='CommandMessage'
2009-08-17 18:46:53,778 DEBUG amf0.write_int(3)
2009-08-17 18:46:53,779 DEBUG amf0.write_int(0)
2009-08-17 18:46:53,779 DEBUG amf0.write_int(1)
2009-08-17 18:46:53,779 DEBUG amf0.write_utf('/1/onResult')
2009-08-17 18:46:53,779 DEBUG amf0.write_int(11)
2009-08-17 18:46:53,780 DEBUG amf0.write_utf('null')
2009-08-17 18:46:53,780 DEBUG amf0.write_int(4)
2009-08-17 18:46:53,780 DEBUG amf0.write_byte(17)
2009-08-17 18:46:53,782 DEBUG amf3._write_data(<amf.messaging.AcknowledgeMessage object at 0x03530AD0>)
2009-08-17 18:46:53,782 DEBUG amf3.write_object(<amf.messaging.AcknowledgeMessage object at 0x03530AD0>)
2009-08-17 18:46:53,782 DEBUG amf0.write_byte(10)
2009-08-17 18:46:53,782 DEBUG add_object_reference(<amf.messaging.AcknowledgeMessage object at 0x03530AD0>) -- index='0'
2009-08-17 18:46:53,783 DEBUG add_class_def_reference({'dynamic': False, 'member_names': ['body', 'timestamp', 'destination', 'clientId', 'headers', 'timeToLive', 'messageId', 'correlationId'], 'type': 'flex.messaging.messages.AcknowledgeMessage', 'num_of_members': 8, 'externalizable': False}) -- index='0'
2009-08-17 18:46:53,785 DEBUG amf3._write_integer(131)
2009-08-17 18:46:53,785 DEBUG amf0.write_byte(129)
2009-08-17 18:46:53,786 DEBUG amf0.write_byte(3)
2009-08-17 18:46:53,786 DEBUG amf3._write_string('flex.messaging.messages.AcknowledgeMessage')
2009-08-17 18:46:53,786 DEBUG amf3._write_integer(85)
2009-08-17 18:46:53,786 DEBUG amf0.write_byte(85)
2009-08-17 18:46:53,786 DEBUG add_string_reference('flex.messaging.messages.AcknowledgeMessage') -- index='0'
2009-08-17 18:46:53,788 DEBUG amf3._write_string('body')
2009-08-17 18:46:53,788 DEBUG amf3._write_integer(9)
2009-08-17 18:46:53,789 DEBUG amf0.write_byte(9)
2009-08-17 18:46:53,789 DEBUG add_string_reference('body') -- index='1'
2009-08-17 18:46:53,789 DEBUG amf3._write_string('timestamp')
2009-08-17 18:46:53,789 DEBUG amf3._write_integer(19)
2009-08-17 18:46:53,790 DEBUG amf0.write_byte(19)
2009-08-17 18:46:53,792 DEBUG add_string_reference('timestamp') -- index='2'
2009-08-17 18:46:53,792 DEBUG amf3._write_string('destination')
2009-08-17 18:46:53,792 DEBUG amf3._write_integer(23)
2009-08-17 18:46:53,793 DEBUG amf0.write_byte(23)
2009-08-17 18:46:53,793 DEBUG add_string_reference('destination') -- index='3'
2009-08-17 18:46:53,795 DEBUG amf3._write_string('clientId')
2009-08-17 18:46:53,795 DEBUG amf3._write_integer(17)
2009-08-17 18:46:53,795 DEBUG amf0.write_byte(17)
2009-08-17 18:46:53,796 DEBUG add_string_reference('clientId') -- index='4'
2009-08-17 18:46:53,796 DEBUG amf3._write_string('headers')
2009-08-17 18:46:53,796 DEBUG amf3._write_integer(15)
2009-08-17 18:46:53,796 DEBUG amf0.write_byte(15)
2009-08-17 18:46:53,798 DEBUG add_string_reference('headers') -- index='5'
2009-08-17 18:46:53,798 DEBUG amf3._write_string('timeToLive')
2009-08-17 18:46:53,799 DEBUG amf3._write_integer(21)
2009-08-17 18:46:53,799 DEBUG amf0.write_byte(21)
2009-08-17 18:46:53,799 DEBUG add_string_reference('timeToLive') -- index='6'
2009-08-17 18:46:53,799 DEBUG amf3._write_string('messageId')
2009-08-17 18:46:53,801 DEBUG amf3._write_integer(19)
2009-08-17 18:46:53,801 DEBUG amf0.write_byte(19)
2009-08-17 18:46:53,802 DEBUG add_string_reference('messageId') -- index='7'
2009-08-17 18:46:53,802 DEBUG amf3._write_string('correlationId')
2009-08-17 18:46:53,802 DEBUG amf3._write_integer(27)
2009-08-17 18:46:53,802 DEBUG amf0.write_byte(27)
2009-08-17 18:46:53,803 DEBUG add_string_reference('correlationId') -- index='8'
2009-08-17 18:46:53,803 DEBUG amf3._write_data({})
2009-08-17 18:46:53,805 DEBUG amf3.write_dynamice_object({})
2009-08-17 18:46:53,805 DEBUG amf0.write_byte(10)
2009-08-17 18:46:53,805 DEBUG add_object_reference({}) -- index='1'
2009-08-17 18:46:53,805 DEBUG add_class_def_reference({'dynamic': True, 'member_names': [], 'type': '', 'num_of_members': 0, 'externalizable': False}) -- index='1'
2009-08-17 18:46:53,806 DEBUG amf0.write_byte(11)
2009-08-17 18:46:53,806 DEBUG amf3._write_string('')
2009-08-17 18:46:53,808 DEBUG amf3.write_null()
2009-08-17 18:46:53,808 DEBUG amf0.write_byte(1)
2009-08-17 18:46:53,809 DEBUG amf3._write_string('')
2009-08-17 18:46:53,809 DEBUG amf3.write_null()
2009-08-17 18:46:53,809 DEBUG amf0.write_byte(1)
2009-08-17 18:46:53,809 DEBUG amf3._write_data(1250560013000.0)
2009-08-17 18:46:53,809 DEBUG amf0.write_byte(5)
2009-08-17 18:46:53,811 DEBUG amf0.write_double(1250560013000.0)
2009-08-17 18:46:53,811 DEBUG amf3._write_data('')
2009-08-17 18:46:53,812 DEBUG amf0.write_byte(6)
2009-08-17 18:46:53,812 DEBUG amf3._write_string('')
2009-08-17 18:46:53,812 DEBUG amf3.write_null()
2009-08-17 18:46:53,812 DEBUG amf0.write_byte(1)
2009-08-17 18:46:53,813 DEBUG amf3._write_data(None)
2009-08-17 18:46:53,813 DEBUG amf3.write_null()
2009-08-17 18:46:53,815 DEBUG amf0.write_byte(1)
2009-08-17 18:46:53,815 DEBUG amf3._write_data({})
2009-08-17 18:46:53,815 DEBUG amf3.write_dynamice_object({})
2009-08-17 18:46:53,816 DEBUG amf0.write_byte(10)
2009-08-17 18:46:53,816 DEBUG amf3._write_integer(2)
2009-08-17 18:46:53,818 DEBUG amf0.write_byte(2)
2009-08-17 18:46:53,818 DEBUG amf3._write_data(0)
2009-08-17 18:46:53,819 DEBUG amf0.write_byte(4)
2009-08-17 18:46:53,819 DEBUG amf3._write_integer(0)
2009-08-17 18:46:53,819 DEBUG amf0.write_byte(0)
2009-08-17 18:46:53,819 DEBUG amf3._write_data(None)
2009-08-17 18:46:53,821 DEBUG amf3.write_null()
2009-08-17 18:46:53,821 DEBUG amf0.write_byte(1)
2009-08-17 18:46:53,822 DEBUG amf3._write_data('A08A303B-15B4-D426-FFA6-2B2F64D9FA83')
2009-08-17 18:46:53,822 DEBUG amf0.write_byte(6)
2009-08-17 18:46:53,822 DEBUG amf3._write_string('A08A303B-15B4-D426-FFA6-2B2F64D9FA83')
2009-08-17 18:46:53,822 DEBUG amf3._write_integer(73)
2009-08-17 18:46:53,823 DEBUG amf0.write_byte(73)
2009-08-17 18:46:53,823 DEBUG add_string_reference('A08A303B-15B4-D426-FFA6-2B2F64D9FA83') -- index='9'
2009-08-17 18:46:53,825 DEBUG amf0.write_long(185)
2009-08-17 18:46:54,102 DEBUG AMF Type='10'
2009-08-17 18:46:54,104 DEBUG read_data()
2009-08-17 18:46:54,104 DEBUG AMF3 Type='10'
2009-08-17 18:46:54,105 DEBUG amf3.read_integer()
2009-08-17 18:46:54,105 DEBUG amf3.read_integer() -- result='147'
2009-08-17 18:46:54,105 DEBUG amf3.read_string()
2009-08-17 18:46:54,107 DEBUG amf3.read_integer()
2009-08-17 18:46:54,108 DEBUG amf3.read_integer() -- result='79'
2009-08-17 18:46:54,108 DEBUG add_string_reference('flex.messaging.messages.RemotingMessage') -- index='0'
2009-08-17 18:46:54,108 DEBUG amf3.read_string() -- result='flex.messaging.messages.RemotingMessage'
2009-08-17 18:46:54,108 DEBUG amf3.read_string()
2009-08-17 18:46:54,109 DEBUG amf3.read_integer()
2009-08-17 18:46:54,111 DEBUG amf3.read_integer() -- result='19'
2009-08-17 18:46:54,111 DEBUG add_string_reference('operation') -- index='1'
2009-08-17 18:46:54,112 DEBUG amf3.read_string() -- result='operation'
2009-08-17 18:46:54,114 DEBUG amf3.read_string()
2009-08-17 18:46:54,115 DEBUG amf3.read_integer()
2009-08-17 18:46:54,115 DEBUG amf3.read_integer() -- result='13'
2009-08-17 18:46:54,115 DEBUG add_string_reference('source') -- index='2'
2009-08-17 18:46:54,115 DEBUG amf3.read_string() -- result='source'
2009-08-17 18:46:54,117 DEBUG amf3.read_string()
2009-08-17 18:46:54,117 DEBUG amf3.read_integer()
2009-08-17 18:46:54,118 DEBUG amf3.read_integer() -- result='15'
2009-08-17 18:46:54,118 DEBUG add_string_reference('headers') -- index='3'
2009-08-17 18:46:54,119 DEBUG amf3.read_string() -- result='headers'
2009-08-17 18:46:54,121 DEBUG amf3.read_string()
2009-08-17 18:46:54,121 DEBUG amf3.read_integer()
2009-08-17 18:46:54,121 DEBUG amf3.read_integer() -- result='17'
2009-08-17 18:46:54,121 DEBUG add_string_reference('clientId') -- index='4'
2009-08-17 18:46:54,122 DEBUG amf3.read_string() -- result='clientId'
2009-08-17 18:46:54,122 DEBUG amf3.read_string()
2009-08-17 18:46:54,124 DEBUG amf3.read_integer()
2009-08-17 18:46:54,124 DEBUG amf3.read_integer() -- result='21'
2009-08-17 18:46:54,125 DEBUG add_string_reference('timeToLive') -- index='5'
2009-08-17 18:46:54,125 DEBUG amf3.read_string() -- result='timeToLive'
2009-08-17 18:46:54,125 DEBUG amf3.read_string()
2009-08-17 18:46:54,125 DEBUG amf3.read_integer()
2009-08-17 18:46:54,125 DEBUG amf3.read_integer() -- result='19'
2009-08-17 18:46:54,128 DEBUG add_string_reference('timestamp') -- index='6'
2009-08-17 18:46:54,128 DEBUG amf3.read_string() -- result='timestamp'
2009-08-17 18:46:54,130 DEBUG amf3.read_string()
2009-08-17 18:46:54,131 DEBUG amf3.read_integer()
2009-08-17 18:46:54,131 DEBUG amf3.read_integer() -- result='23'
2009-08-17 18:46:54,131 DEBUG add_string_reference('destination') -- index='7'
2009-08-17 18:46:54,132 DEBUG amf3.read_string() -- result='destination'
2009-08-17 18:46:54,132 DEBUG amf3.read_string()
2009-08-17 18:46:54,132 DEBUG amf3.read_integer()
2009-08-17 18:46:54,134 DEBUG amf3.read_integer() -- result='19'
2009-08-17 18:46:54,134 DEBUG add_string_reference('messageId') -- index='8'
2009-08-17 18:46:54,134 DEBUG amf3.read_string() -- result='messageId'
2009-08-17 18:46:54,134 DEBUG amf3.read_string()
2009-08-17 18:46:54,135 DEBUG amf3.read_integer()
2009-08-17 18:46:54,135 DEBUG amf3.read_integer() -- result='9'
2009-08-17 18:46:54,137 DEBUG add_string_reference('body') -- index='9'
2009-08-17 18:46:54,137 DEBUG amf3.read_string() -- result='body'
2009-08-17 18:46:54,138 DEBUG Class Definition={'dynamic': False, 'member_names': ['operation', 'source', 'headers', 'clientId', 'timeToLive', 'timestamp', 'destination', 'messageId', 'body'], 'type': 'flex.messaging.messages.RemotingMessage', 'num_of_members': 9, 'externalizable': False}
2009-08-17 18:46:54,138 DEBUG add_class_def_reference({'dynamic': False, 'member_names': ['operation', 'source', 'headers', 'clientId', 'timeToLive', 'timestamp', 'destination', 'messageId', 'body'], 'type': 'flex.messaging.messages.RemotingMessage', 'num_of_members': 9, 'externalizable': False}) -- index='0'
2009-08-17 18:46:54,140 DEBUG add_object_reference({}) -- index='0'
2009-08-17 18:46:54,140 DEBUG read_data()
2009-08-17 18:46:54,141 DEBUG AMF3 Type='6'
2009-08-17 18:46:54,141 DEBUG amf3.read_string()
2009-08-17 18:46:54,142 DEBUG amf3.read_integer()
2009-08-17 18:46:54,142 DEBUG amf3.read_integer() -- result='1'
2009-08-17 18:46:54,142 DEBUG read_data()
2009-08-17 18:46:54,144 DEBUG AMF3 Type='1'
2009-08-17 18:46:54,144 DEBUG read_data()
2009-08-17 18:46:54,144 DEBUG AMF3 Type='10'
2009-08-17 18:46:54,145 DEBUG amf3.read_integer()
2009-08-17 18:46:54,145 DEBUG amf3.read_integer() -- result='11'
2009-08-17 18:46:54,145 DEBUG amf3.read_string()
2009-08-17 18:46:54,147 DEBUG amf3.read_integer()
2009-08-17 18:46:54,147 DEBUG amf3.read_integer() -- result='1'
2009-08-17 18:46:54,148 DEBUG Class Definition={'dynamic': True, 'member_names': [], 'type': '', 'num_of_members': 0, 'externalizable': False}
2009-08-17 18:46:54,148 DEBUG add_class_def_reference({'dynamic': True, 'member_names': [], 'type': '', 'num_of_members': 0, 'externalizable': False}) -- index='1'
2009-08-17 18:46:54,148 DEBUG add_object_reference({}) -- index='1'
2009-08-17 18:46:54,148 DEBUG amf3.read_string()
2009-08-17 18:46:54,150 DEBUG amf3.read_integer()
2009-08-17 18:46:54,150 DEBUG amf3.read_integer() -- result='21'
2009-08-17 18:46:54,151 DEBUG add_string_reference('DSEndpoint') -- index='10'
2009-08-17 18:46:54,151 DEBUG amf3.read_string() -- result='DSEndpoint'
2009-08-17 18:46:54,151 DEBUG read_data()
2009-08-17 18:46:54,151 DEBUG AMF3 Type='1'
2009-08-17 18:46:54,151 DEBUG amf3.read_string()
2009-08-17 18:46:54,153 DEBUG amf3.read_integer()
2009-08-17 18:46:54,153 DEBUG amf3.read_integer() -- result='9'
2009-08-17 18:46:54,154 DEBUG add_string_reference('DSId') -- index='11'
2009-08-17 18:46:54,154 DEBUG amf3.read_string() -- result='DSId'
2009-08-17 18:46:54,154 DEBUG read_data()
2009-08-17 18:46:54,154 DEBUG AMF3 Type='6'
2009-08-17 18:46:54,155 DEBUG amf3.read_string()
2009-08-17 18:46:54,155 DEBUG amf3.read_integer()
2009-08-17 18:46:54,157 DEBUG amf3.read_integer() -- result='7'
2009-08-17 18:46:54,157 DEBUG add_string_reference('nil') -- index='12'
2009-08-17 18:46:54,157 DEBUG amf3.read_string() -- result='nil'
2009-08-17 18:46:54,157 DEBUG amf3.read_string()
2009-08-17 18:46:54,158 DEBUG amf3.read_integer()
2009-08-17 18:46:54,158 DEBUG amf3.read_integer() -- result='1'
2009-08-17 18:46:54,160 DEBUG classcast(, {'DSId': 'nil', '_explicitType': '', 'DSEndpoint': None})
2009-08-17 18:46:54,160 DEBUG get_class() -- module='', class=''
2009-08-17 18:46:54,161 DEBUG read_data()
2009-08-17 18:46:54,161 DEBUG AMF3 Type='1'
2009-08-17 18:46:54,161 DEBUG read_data()
2009-08-17 18:46:54,161 DEBUG AMF3 Type='4'
2009-08-17 18:46:54,161 DEBUG amf3.read_integer()
2009-08-17 18:46:54,163 DEBUG amf3.read_integer() -- result='0'
2009-08-17 18:46:54,163 DEBUG read_data()
2009-08-17 18:46:54,164 DEBUG AMF3 Type='4'
2009-08-17 18:46:54,164 DEBUG amf3.read_integer()
2009-08-17 18:46:54,164 DEBUG amf3.read_integer() -- result='0'
2009-08-17 18:46:54,164 DEBUG read_data()
2009-08-17 18:46:54,165 DEBUG AMF3 Type='6'
2009-08-17 18:46:54,165 DEBUG amf3.read_string()
2009-08-17 18:46:54,167 DEBUG amf3.read_integer()
2009-08-17 18:46:54,167 DEBUG amf3.read_integer() -- result='37'
2009-08-17 18:46:54,167 DEBUG add_string_reference('getCurrentDatetime') -- index='13'
2009-08-17 18:46:54,167 DEBUG amf3.read_string() -- result='getCurrentDatetime'
2009-08-17 18:46:54,168 DEBUG read_data()
2009-08-17 18:46:54,168 DEBUG AMF3 Type='6'
2009-08-17 18:46:54,170 DEBUG amf3.read_string()
2009-08-17 18:46:54,170 DEBUG amf3.read_integer()
2009-08-17 18:46:54,170 DEBUG amf3.read_integer() -- result='73'
2009-08-17 18:46:54,171 DEBUG add_string_reference('C0CD3A44-BFDD-17F0-39C9-2B2F64CEC4E8') -- index='14'
2009-08-17 18:46:54,171 DEBUG amf3.read_string() -- result='C0CD3A44-BFDD-17F0-39C9-2B2F64CEC4E8'
2009-08-17 18:46:54,171 DEBUG read_data()
2009-08-17 18:46:54,171 DEBUG AMF3 Type='9'
2009-08-17 18:46:54,173 DEBUG amf3.read_array()
2009-08-17 18:46:54,173 DEBUG amf3.read_integer()
2009-08-17 18:46:54,177 DEBUG amf3.read_integer() -- result='3'
2009-08-17 18:46:54,177 DEBUG amf3.read_array() -- count='1'
2009-08-17 18:46:54,177 DEBUG add_object_reference(None) -- index='2'
2009-08-17 18:46:54,177 DEBUG read_data()
2009-08-17 18:46:54,178 DEBUG AMF3 Type='1'
2009-08-17 18:46:54,178 DEBUG amf3.read_array() -- key=None
2009-08-17 18:46:54,180 DEBUG read_data()
2009-08-17 18:46:54,180 DEBUG AMF3 Type='9'
2009-08-17 18:46:54,181 DEBUG amf3.read_array()
2009-08-17 18:46:54,181 DEBUG amf3.read_integer()
2009-08-17 18:46:54,183 DEBUG amf3.read_integer() -- result='1'
2009-08-17 18:46:54,183 DEBUG amf3.read_array() -- count='0'
2009-08-17 18:46:54,184 DEBUG add_object_reference(None) -- index='3'
2009-08-17 18:46:54,184 DEBUG read_data()
2009-08-17 18:46:54,184 DEBUG AMF3 Type='1'
2009-08-17 18:46:54,184 DEBUG amf3.read_array() -- key=None
2009-08-17 18:46:54,186 DEBUG amf3.read_array() -- [0]=[]
2009-08-17 18:46:54,186 DEBUG classcast(flex.messaging.messages.RemotingMessage, {'body': [[]], 'headers': {'DSId': 'nil', '_explicitType': '', 'DSEndpoint': None}, 'timestamp': 0, 'destination': 'getCurrentDatetime', 'clientId': None, 'source': None, 'timeToLive': 0, 'messageId': 'C0CD3A44-BFDD-17F0-39C9-2B2F64CEC4E8', 'operation': '', '_explicitType': 'flex.messaging.messages.RemotingMessage'})
2009-08-17 18:46:54,187 DEBUG get_class(amf.messaging.RemotingMessage) -- module='amf.messaging', class='RemotingMessage'
2009-08-17 18:46:56,316 DEBUG amf0.write_int(3)
2009-08-17 18:46:56,316 DEBUG amf0.write_int(0)
2009-08-17 18:46:56,318 DEBUG amf0.write_int(1)
2009-08-17 18:46:56,318 DEBUG amf0.write_utf('/2/onResult')
2009-08-17 18:46:56,319 DEBUG amf0.write_int(11)
2009-08-17 18:46:56,319 DEBUG amf0.write_utf('null')
2009-08-17 18:46:56,319 DEBUG amf0.write_int(4)
2009-08-17 18:46:56,319 DEBUG amf0.write_byte(17)
2009-08-17 18:46:56,321 DEBUG amf3._write_data(<amf.messaging.AcknowledgeMessage object at 0x03643EB0>)
2009-08-17 18:46:56,321 DEBUG amf3.write_object(<amf.messaging.AcknowledgeMessage object at 0x03643EB0>)
2009-08-17 18:46:56,322 DEBUG amf0.write_byte(10)
2009-08-17 18:46:56,322 DEBUG add_object_reference(<amf.messaging.AcknowledgeMessage object at 0x03643EB0>) -- index='0'
2009-08-17 18:46:56,322 DEBUG add_class_def_reference({'dynamic': False, 'member_names': ['body', 'timestamp', 'destination', 'clientId', 'headers', 'timeToLive', 'messageId', 'correlationId'], 'type': 'flex.messaging.messages.AcknowledgeMessage', 'num_of_members': 8, 'externalizable': False}) -- index='0'
2009-08-17 18:46:56,322 DEBUG amf3._write_integer(131)
2009-08-17 18:46:56,323 DEBUG amf0.write_byte(129)
2009-08-17 18:46:56,323 DEBUG amf0.write_byte(3)
2009-08-17 18:46:56,325 DEBUG amf3._write_string('flex.messaging.messages.AcknowledgeMessage')
2009-08-17 18:46:56,325 DEBUG amf3._write_integer(85)
2009-08-17 18:46:56,326 DEBUG amf0.write_byte(85)
2009-08-17 18:46:56,326 DEBUG add_string_reference('flex.messaging.messages.AcknowledgeMessage') -- index='0'
2009-08-17 18:46:56,328 DEBUG amf3._write_string('body')
2009-08-17 18:46:56,328 DEBUG amf3._write_integer(9)
2009-08-17 18:46:56,328 DEBUG amf0.write_byte(9)
2009-08-17 18:46:56,328 DEBUG add_string_reference('body') -- index='1'
2009-08-17 18:46:56,329 DEBUG amf3._write_string('timestamp')
2009-08-17 18:46:56,329 DEBUG amf3._write_integer(19)
2009-08-17 18:46:56,331 DEBUG amf0.write_byte(19)
2009-08-17 18:46:56,331 DEBUG add_string_reference('timestamp') -- index='2'
2009-08-17 18:46:56,331 DEBUG amf3._write_string('destination')
2009-08-17 18:46:56,332 DEBUG amf3._write_integer(23)
2009-08-17 18:46:56,332 DEBUG amf0.write_byte(23)
2009-08-17 18:46:56,332 DEBUG add_string_reference('destination') -- index='3'
2009-08-17 18:46:56,332 DEBUG amf3._write_string('clientId')
2009-08-17 18:46:56,334 DEBUG amf3._write_integer(17)
2009-08-17 18:46:56,335 DEBUG amf0.write_byte(17)
2009-08-17 18:46:56,335 DEBUG add_string_reference('clientId') -- index='4'
2009-08-17 18:46:56,335 DEBUG amf3._write_string('headers')
2009-08-17 18:46:56,335 DEBUG amf3._write_integer(15)
2009-08-17 18:46:56,336 DEBUG amf0.write_byte(15)
2009-08-17 18:46:56,336 DEBUG add_string_reference('headers') -- index='5'
2009-08-17 18:46:56,338 DEBUG amf3._write_string('timeToLive')
2009-08-17 18:46:56,338 DEBUG amf3._write_integer(21)
2009-08-17 18:46:56,338 DEBUG amf0.write_byte(21)
2009-08-17 18:46:56,338 DEBUG add_string_reference('timeToLive') -- index='6'
2009-08-17 18:46:56,338 DEBUG amf3._write_string('messageId')
2009-08-17 18:46:56,339 DEBUG amf3._write_integer(19)
2009-08-17 18:46:56,339 DEBUG amf0.write_byte(19)
2009-08-17 18:46:56,341 DEBUG add_string_reference('messageId') -- index='7'
2009-08-17 18:46:56,341 DEBUG amf3._write_string('correlationId')
2009-08-17 18:46:56,342 DEBUG amf3._write_integer(27)
2009-08-17 18:46:56,342 DEBUG amf0.write_byte(27)
2009-08-17 18:46:56,342 DEBUG add_string_reference('correlationId') -- index='8'
2009-08-17 18:46:56,342 DEBUG amf3._write_data(datetime.datetime(2009, 8, 17, 18, 46, 56, 316000))
2009-08-17 18:46:56,344 DEBUG amf3.write_date(datetime.datetime(2009, 8, 17, 18, 46, 56, 316000))
2009-08-17 18:46:56,344 DEBUG amf0.write_byte(8)
2009-08-17 18:46:56,345 DEBUG amf3._write_integer(1)
2009-08-17 18:46:56,345 DEBUG amf0.write_byte(1)
2009-08-17 18:46:56,345 DEBUG amf0.write_double(1250560016000.0)
2009-08-17 18:46:56,345 DEBUG add_object_reference(datetime.datetime(2009, 8, 17, 18, 46, 56, 316000)) -- index='1'
2009-08-17 18:46:56,346 DEBUG amf3._write_data(1250560016000.0)
2009-08-17 18:46:56,346 DEBUG amf0.write_byte(5)
2009-08-17 18:46:56,348 DEBUG amf0.write_double(1250560016000.0)
2009-08-17 18:46:56,348 DEBUG amf3._write_data('')
2009-08-17 18:46:56,348 DEBUG amf0.write_byte(6)
2009-08-17 18:46:56,348 DEBUG amf3._write_string('')
2009-08-17 18:46:56,349 DEBUG amf3.write_null()
2009-08-17 18:46:56,349 DEBUG amf0.write_byte(1)
2009-08-17 18:46:56,349 DEBUG amf3._write_data(None)
2009-08-17 18:46:56,351 DEBUG amf3.write_null()
2009-08-17 18:46:56,351 DEBUG amf0.write_byte(1)
2009-08-17 18:46:56,351 DEBUG amf3._write_data({})
2009-08-17 18:46:56,351 DEBUG amf3.write_dynamice_object({})
2009-08-17 18:46:56,352 DEBUG amf0.write_byte(10)
2009-08-17 18:46:56,352 DEBUG add_object_reference({}) -- index='2'
2009-08-17 18:46:56,354 DEBUG add_class_def_reference({'dynamic': True, 'member_names': [], 'type': '', 'num_of_members': 0, 'externalizable': False}) -- index='1'
2009-08-17 18:46:56,354 DEBUG amf0.write_byte(11)
2009-08-17 18:46:56,355 DEBUG amf3._write_string('')
2009-08-17 18:46:56,355 DEBUG amf3.write_null()
2009-08-17 18:46:56,355 DEBUG amf0.write_byte(1)
2009-08-17 18:46:56,355 DEBUG amf3._write_string('')
2009-08-17 18:46:56,355 DEBUG amf3.write_null()
2009-08-17 18:46:56,357 DEBUG amf0.write_byte(1)
2009-08-17 18:46:56,357 DEBUG amf3._write_data(0)
2009-08-17 18:46:56,358 DEBUG amf0.write_byte(4)
2009-08-17 18:46:56,358 DEBUG amf3._write_integer(0)
2009-08-17 18:46:56,358 DEBUG amf0.write_byte(0)
2009-08-17 18:46:56,358 DEBUG amf3._write_data(None)
2009-08-17 18:46:56,359 DEBUG amf3.write_null()
2009-08-17 18:46:56,359 DEBUG amf0.write_byte(1)
2009-08-17 18:46:56,361 DEBUG amf3._write_data('C0CD3A44-BFDD-17F0-39C9-2B2F64CEC4E8')
2009-08-17 18:46:56,361 DEBUG amf0.write_byte(6)
2009-08-17 18:46:56,361 DEBUG amf3._write_string('C0CD3A44-BFDD-17F0-39C9-2B2F64CEC4E8')
2009-08-17 18:46:56,361 DEBUG amf3._write_integer(73)
2009-08-17 18:46:56,362 DEBUG amf0.write_byte(73)
2009-08-17 18:46:56,362 DEBUG add_string_reference('C0CD3A44-BFDD-17F0-39C9-2B2F64CEC4E8') -- index='9'
2009-08-17 18:46:56,364 DEBUG amf0.write_long(193)
